[0.024s] Invoking command in '/home/piyush/robot_ws/build/description': CMAKE_PREFIX_PATH=/home/piyush/ros2_ws/install/urdf_example:/home/piyush/ros2_ws/install/simple_pkg:/home/piyush/ros2_ws/install/py_srvcli:/home/piyush/ros2_ws/install/py_pubsub:/opt/ros/humble:/home/piyush/ros2_ws/install/rmp_ros2_bot_description:/home/piyush/ros2_ws/install/cpp_srvcli:/home/piyush/ros2_ws/install/assignment_1 /usr/bin/cmake /home/piyush/robot_ws/src/description -DAMENT_CMAKE_SYMLINK_INSTALL=1 -DCMAKE_INSTALL_PREFIX=/home/piyush/robot_ws/install/description
[0.044s] -- Found ament_cmake: 1.3.8 (/opt/ros/humble/share/ament_cmake/cmake)
[0.208s] -- Override CMake install command with custom implementation using symlinks instead of copying resources
[0.224s] -- Found robot_state_publisher: 3.0.3 (/opt/ros/humble/share/robot_state_publisher/cmake)
[0.265s] -- Found rosidl_generator_c: 3.1.5 (/opt/ros/humble/share/rosidl_generator_c/cmake)
[0.270s] -- Found rosidl_adapter: 3.1.5 (/opt/ros/humble/share/rosidl_adapter/cmake)
[0.278s] -- Found rosidl_generator_cpp: 3.1.5 (/opt/ros/humble/share/rosidl_generator_cpp/cmake)
[0.293s] -- Using all available rosidl_typesupport_c: rosidl_typesupport_fastrtps_c;rosidl_typesupport_introspection_c
[0.317s] -- Using all available rosidl_typesupport_cpp: rosidl_typesupport_fastrtps_cpp;rosidl_typesupport_introspection_cpp
[0.492s] -- Found eigen3_cmake_module: 0.1.1 (/opt/ros/humble/share/eigen3_cmake_module/cmake)
[0.493s] -- Ensuring Eigen3 include directory is part of orocos-kdl CMake target
[0.566s] -- Found rmw_implementation_cmake: 6.1.1 (/opt/ros/humble/share/rmw_implementation_cmake/cmake)
[0.569s] -- Found rmw_cyclonedds_cpp: 1.3.4 (/opt/ros/humble/share/rmw_cyclonedds_cpp/cmake)
[0.607s] -- Using RMW implementation 'rmw_cyclonedds_cpp' as default
[1.390s] -- Found gazebo_ros: 3.7.0 (/opt/ros/humble/share/gazebo_ros/cmake)
[1.437s] -- Found DART: /usr/include (Required is at least version "6.6") found components: dart 
[1.470s] -- Found Protobuf: /usr/lib/x86_64-linux-gnu/libprotobuf.so (found version "3.12.4") 
[1.472s] -- Looking for ignition-math6 -- found version 6.15.1
[1.478s] -- Searching for dependencies of ignition-math6
[1.480s] -- Looking for OGRE...
[1.487s] -- Found Ogre Ghadamon (1.9.0)
[1.487s] -- Found OGRE: optimized;/usr/lib/x86_64-linux-gnu/libOgreMain.so;debug;/usr/lib/x86_64-linux-gnu/libOgreMain.so
[1.499s] -- Looking for OGRE_Paging...
[1.499s] -- Found OGRE_Paging: optimized;/usr/lib/x86_64-linux-gnu/libOgrePaging.so;debug;/usr/lib/x86_64-linux-gnu/libOgrePaging.so
[1.500s] -- Looking for OGRE_Terrain...
[1.500s] -- Found OGRE_Terrain: optimized;/usr/lib/x86_64-linux-gnu/libOgreTerrain.so;debug;/usr/lib/x86_64-linux-gnu/libOgreTerrain.so
[1.500s] -- Looking for OGRE_Property...
[1.500s] -- Found OGRE_Property: optimized;/usr/lib/x86_64-linux-gnu/libOgreProperty.so;debug;/usr/lib/x86_64-linux-gnu/libOgreProperty.so
[1.500s] -- Looking for OGRE_RTShaderSystem...
[1.500s] -- Found OGRE_RTShaderSystem: optimized;/usr/lib/x86_64-linux-gnu/libOgreRTShaderSystem.so;debug;/usr/lib/x86_64-linux-gnu/libOgreRTShaderSystem.so
[1.501s] -- Looking for OGRE_Volume...
[1.501s] -- Found OGRE_Volume: optimized;/usr/lib/x86_64-linux-gnu/libOgreVolume.so;debug;/usr/lib/x86_64-linux-gnu/libOgreVolume.so
[1.501s] -- Looking for OGRE_Overlay...
[1.501s] -- Found OGRE_Overlay: optimized;/usr/lib/x86_64-linux-gnu/libOgreOverlay.so;debug;/usr/lib/x86_64-linux-gnu/libOgreOverlay.so
[1.673s] -- Looking for ignition-math6 -- found version 6.15.1
[1.673s] -- Looking for ignition-transport8 -- found version 8.2.1
[1.674s] -- Searching for dependencies of ignition-transport8
[1.696s] -- Found Protobuf: /usr/lib/x86_64-linux-gnu/libprotobuf.so (found suitable version "3.12.4", minimum required is "3") 
[1.711s] -- Config-file not installed for ZeroMQ -- checking for pkg-config
[1.719s] -- Checking for module 'libzmq >= 4'
[1.738s] --   Found libzmq , version 4.3.4
[1.792s] -- Checking for module 'uuid'
[1.808s] --   Found uuid, version 2.37.2
[1.857s] -- Looking for ignition-msgs5 -- found version 5.8.1
[1.858s] -- Searching for dependencies of ignition-msgs5
[1.883s] -- Looking for ignition-math6 -- found version 6.15.1
[1.892s] -- Looking for ignition-msgs5 -- found version 5.8.1
[1.893s] -- Looking for ignition-common3 -- found version 3.14.0
[1.894s] -- Searching for dependencies of ignition-common3
[1.894s] -- Looking for dlfcn.h - found
[1.894s] -- Looking for libdl - found
[1.909s] -- Searching for <ignition-common3> component [graphics]
[1.910s] -- Looking for ignition-common3-graphics -- found version 3.14.0
[1.911s] -- Searching for dependencies of ignition-common3-graphics
[1.913s] -- Looking for ignition-math6 -- found version 6.15.1
[1.915s] -- Looking for ignition-fuel_tools4 -- found version 4.4.0
[1.916s] -- Searching for dependencies of ignition-fuel_tools4
[1.965s] -- Checking for module 'jsoncpp'
[1.982s] --   Found jsoncpp, version 1.9.5
[2.036s] -- Checking for module 'libzip'
[2.053s] --   Found libzip, version 1.7.3
[2.096s] -- Looking for ignition-common3 -- found version 3.14.0
[2.096s] -- Looking for ignition-math6 -- found version 6.15.1
[2.097s] -- Looking for ignition-msgs5 -- found version 5.8.1
[2.099s] -- Gazebo version: 11.10
[2.174s] -- Found ament_lint_auto: 0.12.10 (/opt/ros/humble/share/ament_lint_auto/cmake)
[2.660s] -- Added test 'flake8' to check Python code syntax and style conventions
[2.671s] -- Added test 'lint_cmake' to check CMake code style
[2.680s] -- Added test 'pep257' to check Python code against some of the docstring style conventions in PEP 257
[2.693s] -- Added test 'xmllint' to check XML markup files
[2.725s] -- Configuring done
[2.739s] -- Generating done
[2.743s] -- Build files have been written to: /home/piyush/robot_ws/build/description
[2.756s] Invoked command in '/home/piyush/robot_ws/build/description' returned '0': CMAKE_PREFIX_PATH=/home/piyush/ros2_ws/install/urdf_example:/home/piyush/ros2_ws/install/simple_pkg:/home/piyush/ros2_ws/install/py_srvcli:/home/piyush/ros2_ws/install/py_pubsub:/opt/ros/humble:/home/piyush/ros2_ws/install/rmp_ros2_bot_description:/home/piyush/ros2_ws/install/cpp_srvcli:/home/piyush/ros2_ws/install/assignment_1 /usr/bin/cmake /home/piyush/robot_ws/src/description -DAMENT_CMAKE_SYMLINK_INSTALL=1 -DCMAKE_INSTALL_PREFIX=/home/piyush/robot_ws/install/description
[2.760s] Invoking command in '/home/piyush/robot_ws/build/description': CMAKE_PREFIX_PATH=/home/piyush/ros2_ws/install/urdf_example:/home/piyush/ros2_ws/install/simple_pkg:/home/piyush/ros2_ws/install/py_srvcli:/home/piyush/ros2_ws/install/py_pubsub:/opt/ros/humble:/home/piyush/ros2_ws/install/rmp_ros2_bot_description:/home/piyush/ros2_ws/install/cpp_srvcli:/home/piyush/ros2_ws/install/assignment_1 /usr/bin/cmake --build /home/piyush/robot_ws/build/description -- -j4 -l4
[2.816s] Invoked command in '/home/piyush/robot_ws/build/description' returned '0': CMAKE_PREFIX_PATH=/home/piyush/ros2_ws/install/urdf_example:/home/piyush/ros2_ws/install/simple_pkg:/home/piyush/ros2_ws/install/py_srvcli:/home/piyush/ros2_ws/install/py_pubsub:/opt/ros/humble:/home/piyush/ros2_ws/install/rmp_ros2_bot_description:/home/piyush/ros2_ws/install/cpp_srvcli:/home/piyush/ros2_ws/install/assignment_1 /usr/bin/cmake --build /home/piyush/robot_ws/build/description -- -j4 -l4
[2.859s] Invoking command in '/home/piyush/robot_ws/build/description': CMAKE_PREFIX_PATH=/home/piyush/ros2_ws/install/urdf_example:/home/piyush/ros2_ws/install/simple_pkg:/home/piyush/ros2_ws/install/py_srvcli:/home/piyush/ros2_ws/install/py_pubsub:/opt/ros/humble:/home/piyush/ros2_ws/install/rmp_ros2_bot_description:/home/piyush/ros2_ws/install/cpp_srvcli:/home/piyush/ros2_ws/install/assignment_1 /usr/bin/cmake --install /home/piyush/robot_ws/build/description
[2.868s] -- Install configuration: ""
[2.869s] -- Execute custom install script
[2.870s] -- Symlinking: /home/piyush/robot_ws/install/description/share/description/launch/rsp.launch.py
[2.882s] -- Symlinking: /home/piyush/robot_ws/install/description/share/description/urdf/joints.urdf.xacro
[2.893s] -- Symlinking: /home/piyush/robot_ws/install/description/share/description/urdf/links.urdf.xacro
[2.903s] -- Symlinking: /home/piyush/robot_ws/install/description/share/description/urdf/materials.urdf.xacro
[2.915s] -- Symlinking: /home/piyush/robot_ws/install/description/share/description/urdf/robot.urdf.xacro
[2.929s] -- Symlinking: /home/piyush/robot_ws/install/description/share/ament_index/resource_index/package_run_dependencies/description
[2.940s] -- Symlinking: /home/piyush/robot_ws/install/description/share/ament_index/resource_index/parent_prefix_path/description
[2.958s] -- Symlinking: /home/piyush/robot_ws/install/description/share/description/environment/ament_prefix_path.sh
[2.969s] -- Symlinking: /home/piyush/robot_ws/install/description/share/description/environment/ament_prefix_path.dsv
[2.996s] -- Symlinking: /home/piyush/robot_ws/install/description/share/description/environment/path.sh
[3.007s] -- Symlinking: /home/piyush/robot_ws/install/description/share/description/environment/path.dsv
[3.020s] -- Symlinking: /home/piyush/robot_ws/install/description/share/description/local_setup.bash
[3.032s] -- Symlinking: /home/piyush/robot_ws/install/description/share/description/local_setup.sh
[3.045s] -- Symlinking: /home/piyush/robot_ws/install/description/share/description/local_setup.zsh
[3.056s] -- Symlinking: /home/piyush/robot_ws/install/description/share/description/local_setup.dsv
[3.067s] -- Symlinking: /home/piyush/robot_ws/install/description/share/description/package.dsv
[3.078s] -- Symlinking: /home/piyush/robot_ws/install/description/share/ament_index/resource_index/packages/description
[3.089s] -- Symlinking: /home/piyush/robot_ws/install/description/share/description/cmake/descriptionConfig.cmake
[3.099s] -- Symlinking: /home/piyush/robot_ws/install/description/share/description/cmake/descriptionConfig-version.cmake
[3.110s] -- Symlinking: /home/piyush/robot_ws/install/description/share/description/package.xml
[3.125s] Invoked command in '/home/piyush/robot_ws/build/description' returned '0': CMAKE_PREFIX_PATH=/home/piyush/ros2_ws/install/urdf_example:/home/piyush/ros2_ws/install/simple_pkg:/home/piyush/ros2_ws/install/py_srvcli:/home/piyush/ros2_ws/install/py_pubsub:/opt/ros/humble:/home/piyush/ros2_ws/install/rmp_ros2_bot_description:/home/piyush/ros2_ws/install/cpp_srvcli:/home/piyush/ros2_ws/install/assignment_1 /usr/bin/cmake --install /home/piyush/robot_ws/build/description
