[0.194s] Invoking command in '/home/piyush/robot_ws/build/description': CMAKE_PREFIX_PATH=/home/piyush/robot_ws/install/description:/home/piyush/ros2_ws/install/urdf_example:/home/piyush/ros2_ws/install/simple_pkg:/home/piyush/ros2_ws/install/py_srvcli:/home/piyush/ros2_ws/install/py_pubsub:/opt/ros/humble:/home/piyush/ros2_ws/install/rmp_ros2_bot_description:/home/piyush/ros2_ws/install/cpp_srvcli:/home/piyush/ros2_ws/install/assignment_1 /usr/bin/cmake /home/piyush/robot_ws/src/description -DCMAKE_INSTALL_PREFIX=/home/piyush/robot_ws/install/description
[0.251s] -- Found ament_cmake: 1.3.8 (/opt/ros/humble/share/ament_cmake/cmake)
[0.443s] -- Override CMake install command with custom implementation using symlinks instead of copying resources
[0.591s] -- Found robot_state_publisher: 3.0.3 (/opt/ros/humble/share/robot_state_publisher/cmake)
[0.635s] -- Found rosidl_generator_c: 3.1.5 (/opt/ros/humble/share/rosidl_generator_c/cmake)
[0.638s] -- Found rosidl_adapter: 3.1.5 (/opt/ros/humble/share/rosidl_adapter/cmake)
[0.646s] -- Found rosidl_generator_cpp: 3.1.5 (/opt/ros/humble/share/rosidl_generator_cpp/cmake)
[0.664s] -- Using all available rosidl_typesupport_c: rosidl_typesupport_fastrtps_c;rosidl_typesupport_introspection_c
[0.685s] -- Using all available rosidl_typesupport_cpp: rosidl_typesupport_fastrtps_cpp;rosidl_typesupport_introspection_cpp
[0.834s] -- Found eigen3_cmake_module: 0.1.1 (/opt/ros/humble/share/eigen3_cmake_module/cmake)
[0.835s] -- Ensuring Eigen3 include directory is part of orocos-kdl CMake target
[0.906s] -- Found rmw_implementation_cmake: 6.1.1 (/opt/ros/humble/share/rmw_implementation_cmake/cmake)
[0.908s] -- Found rmw_cyclonedds_cpp: 1.3.4 (/opt/ros/humble/share/rmw_cyclonedds_cpp/cmake)
[0.953s] -- Using RMW implementation 'rmw_cyclonedds_cpp' as default
[1.913s] -- Found gazebo_ros: 3.7.0 (/opt/ros/humble/share/gazebo_ros/cmake)
[1.958s] -- Found DART: /usr/include (Required is at least version "6.6") found components: dart 
[2.018s] -- Found Protobuf: /usr/lib/x86_64-linux-gnu/libprotobuf.so (found version "3.12.4") 
[2.021s] -- Looking for ignition-math6 -- found version 6.15.1
[2.033s] -- Searching for dependencies of ignition-math6
[2.037s] -- Looking for OGRE...
[2.049s] -- Found Ogre Ghadamon (1.9.0)
[2.050s] -- Found OGRE: optimized;/usr/lib/x86_64-linux-gnu/libOgreMain.so;debug;/usr/lib/x86_64-linux-gnu/libOgreMain.so
[2.067s] -- Looking for OGRE_Paging...
[2.067s] -- Found OGRE_Paging: optimized;/usr/lib/x86_64-linux-gnu/libOgrePaging.so;debug;/usr/lib/x86_64-linux-gnu/libOgrePaging.so
[2.067s] -- Looking for OGRE_Terrain...
[2.068s] -- Found OGRE_Terrain: optimized;/usr/lib/x86_64-linux-gnu/libOgreTerrain.so;debug;/usr/lib/x86_64-linux-gnu/libOgreTerrain.so
[2.068s] -- Looking for OGRE_Property...
[2.068s] -- Found OGRE_Property: optimized;/usr/lib/x86_64-linux-gnu/libOgreProperty.so;debug;/usr/lib/x86_64-linux-gnu/libOgreProperty.so
[2.068s] -- Looking for OGRE_RTShaderSystem...
[2.068s] -- Found OGRE_RTShaderSystem: optimized;/usr/lib/x86_64-linux-gnu/libOgreRTShaderSystem.so;debug;/usr/lib/x86_64-linux-gnu/libOgreRTShaderSystem.so
[2.068s] -- Looking for OGRE_Volume...
[2.069s] -- Found OGRE_Volume: optimized;/usr/lib/x86_64-linux-gnu/libOgreVolume.so;debug;/usr/lib/x86_64-linux-gnu/libOgreVolume.so
[2.069s] -- Looking for OGRE_Overlay...
[2.069s] -- Found OGRE_Overlay: optimized;/usr/lib/x86_64-linux-gnu/libOgreOverlay.so;debug;/usr/lib/x86_64-linux-gnu/libOgreOverlay.so
[2.257s] -- Looking for ignition-math6 -- found version 6.15.1
[2.258s] -- Looking for ignition-transport8 -- found version 8.2.1
[2.259s] -- Searching for dependencies of ignition-transport8
[2.282s] -- Found Protobuf: /usr/lib/x86_64-linux-gnu/libprotobuf.so (found suitable version "3.12.4", minimum required is "3") 
[2.298s] -- Config-file not installed for ZeroMQ -- checking for pkg-config
[2.304s] -- Checking for module 'libzmq >= 4'
[2.387s] --   Found libzmq , version 4.3.4
[2.465s] -- Checking for module 'uuid'
[2.492s] --   Found uuid, version 2.37.2
[2.560s] -- Looking for ignition-msgs5 -- found version 5.8.1
[2.561s] -- Searching for dependencies of ignition-msgs5
[2.609s] -- Looking for ignition-math6 -- found version 6.15.1
[2.633s] -- Looking for ignition-msgs5 -- found version 5.8.1
[2.638s] -- Looking for ignition-common3 -- found version 3.14.0
[2.638s] -- Searching for dependencies of ignition-common3
[2.638s] -- Looking for dlfcn.h - found
[2.638s] -- Looking for libdl - found
[2.666s] -- Searching for <ignition-common3> component [graphics]
[2.668s] -- Looking for ignition-common3-graphics -- found version 3.14.0
[2.669s] -- Searching for dependencies of ignition-common3-graphics
[2.671s] -- Looking for ignition-math6 -- found version 6.15.1
[2.672s] -- Looking for ignition-fuel_tools4 -- found version 4.4.0
[2.673s] -- Searching for dependencies of ignition-fuel_tools4
[2.756s] -- Checking for module 'jsoncpp'
[2.784s] --   Found jsoncpp, version 1.9.5
[2.839s] -- Checking for module 'libzip'
[2.858s] --   Found libzip, version 1.7.3
[2.909s] -- Looking for ignition-common3 -- found version 3.14.0
[2.912s] -- Looking for ignition-math6 -- found version 6.15.1
[2.913s] -- Looking for ignition-msgs5 -- found version 5.8.1
[2.914s] -- Gazebo version: 11.10
[2.923s] -- Found ament_lint_auto: 0.12.10 (/opt/ros/humble/share/ament_lint_auto/cmake)
[3.060s] -- Added test 'cppcheck' to perform static code analysis on C / C++ code
[3.060s] -- Configured cppcheck include dirs: 
[3.060s] -- Configured cppcheck exclude dirs and/or files: 
[3.063s] -- Added test 'flake8' to check Python code syntax and style conventions
[3.066s] -- Added test 'lint_cmake' to check CMake code style
[3.070s] -- Added test 'pep257' to check Python code against some of the docstring style conventions in PEP 257
[3.085s] -- Added test 'uncrustify' to check C / C++ code style
[3.085s] -- Configured uncrustify additional arguments: 
[3.089s] -- Added test 'xmllint' to check XML markup files
[3.091s] -- Configuring done
[3.198s] -- Generating done
[3.202s] -- Build files have been written to: /home/piyush/robot_ws/build/description
[3.219s] Invoked command in '/home/piyush/robot_ws/build/description' returned '0': CMAKE_PREFIX_PATH=/home/piyush/robot_ws/install/description:/home/piyush/ros2_ws/install/urdf_example:/home/piyush/ros2_ws/install/simple_pkg:/home/piyush/ros2_ws/install/py_srvcli:/home/piyush/ros2_ws/install/py_pubsub:/opt/ros/humble:/home/piyush/ros2_ws/install/rmp_ros2_bot_description:/home/piyush/ros2_ws/install/cpp_srvcli:/home/piyush/ros2_ws/install/assignment_1 /usr/bin/cmake /home/piyush/robot_ws/src/description -DCMAKE_INSTALL_PREFIX=/home/piyush/robot_ws/install/description
[3.222s] Invoking command in '/home/piyush/robot_ws/build/description': CMAKE_PREFIX_PATH=/home/piyush/robot_ws/install/description:/home/piyush/ros2_ws/install/urdf_example:/home/piyush/ros2_ws/install/simple_pkg:/home/piyush/ros2_ws/install/py_srvcli:/home/piyush/ros2_ws/install/py_pubsub:/opt/ros/humble:/home/piyush/ros2_ws/install/rmp_ros2_bot_description:/home/piyush/ros2_ws/install/cpp_srvcli:/home/piyush/ros2_ws/install/assignment_1 /usr/bin/cmake --build /home/piyush/robot_ws/build/description -- -j4 -l4
[3.287s] Invoked command in '/home/piyush/robot_ws/build/description' returned '0': CMAKE_PREFIX_PATH=/home/piyush/robot_ws/install/description:/home/piyush/ros2_ws/install/urdf_example:/home/piyush/ros2_ws/install/simple_pkg:/home/piyush/ros2_ws/install/py_srvcli:/home/piyush/ros2_ws/install/py_pubsub:/opt/ros/humble:/home/piyush/ros2_ws/install/rmp_ros2_bot_description:/home/piyush/ros2_ws/install/cpp_srvcli:/home/piyush/ros2_ws/install/assignment_1 /usr/bin/cmake --build /home/piyush/robot_ws/build/description -- -j4 -l4
[3.334s] Invoking command in '/home/piyush/robot_ws/build/description': CMAKE_PREFIX_PATH=/home/piyush/robot_ws/install/description:/home/piyush/ros2_ws/install/urdf_example:/home/piyush/ros2_ws/install/simple_pkg:/home/piyush/ros2_ws/install/py_srvcli:/home/piyush/ros2_ws/install/py_pubsub:/opt/ros/humble:/home/piyush/ros2_ws/install/rmp_ros2_bot_description:/home/piyush/ros2_ws/install/cpp_srvcli:/home/piyush/ros2_ws/install/assignment_1 /usr/bin/cmake --install /home/piyush/robot_ws/build/description
[3.344s] -- Install configuration: ""
[3.344s] -- Execute custom install script
[3.345s] -- Up-to-date symlink: /home/piyush/robot_ws/install/description/share/description/config/simulation.rviz
[3.345s] -- Up-to-date symlink: /home/piyush/robot_ws/install/description/share/description/config/view_bot.rviz
[3.346s] -- Up-to-date symlink: /home/piyush/robot_ws/install/description/share/description/launch/abstract.launch.py
[3.346s] -- Up-to-date symlink: /home/piyush/robot_ws/install/description/share/description/launch/rsp.launch.py
[3.346s] -- Up-to-date symlink: /home/piyush/robot_ws/install/description/share/description/launch/sim.launch.py
[3.347s] -- Up-to-date symlink: /home/piyush/robot_ws/install/description/share/description/urdf/camera.urdf.xacro
[3.347s] -- Up-to-date symlink: /home/piyush/robot_ws/install/description/share/description/urdf/gazebo.xacro
[3.347s] -- Up-to-date symlink: /home/piyush/robot_ws/install/description/share/description/urdf/inertia_macros.xacro
[3.347s] -- Up-to-date symlink: /home/piyush/robot_ws/install/description/share/description/urdf/joints.urdf.xacro
[3.348s] -- Up-to-date symlink: /home/piyush/robot_ws/install/description/share/description/urdf/lidar.urdf.xacro
[3.348s] -- Up-to-date symlink: /home/piyush/robot_ws/install/description/share/description/urdf/links.urdf.xacro
[3.348s] -- Up-to-date symlink: /home/piyush/robot_ws/install/description/share/description/urdf/materials.urdf.xacro
[3.348s] -- Up-to-date symlink: /home/piyush/robot_ws/install/description/share/description/urdf/robot.urdf.xacro
[3.348s] -- Up-to-date symlink: /home/piyush/robot_ws/install/description/share/description/worlds/house.sdf
[3.352s] -- Up-to-date symlink: /home/piyush/robot_ws/install/description/share/ament_index/resource_index/package_run_dependencies/description
[3.352s] -- Up-to-date symlink: /home/piyush/robot_ws/install/description/share/ament_index/resource_index/parent_prefix_path/description
[3.352s] -- Up-to-date symlink: /home/piyush/robot_ws/install/description/share/description/environment/ament_prefix_path.sh
[3.353s] -- Up-to-date symlink: /home/piyush/robot_ws/install/description/share/description/environment/ament_prefix_path.dsv
[3.353s] -- Up-to-date symlink: /home/piyush/robot_ws/install/description/share/description/environment/path.sh
[3.354s] -- Up-to-date symlink: /home/piyush/robot_ws/install/description/share/description/environment/path.dsv
[3.354s] -- Up-to-date symlink: /home/piyush/robot_ws/install/description/share/description/local_setup.bash
[3.354s] -- Up-to-date symlink: /home/piyush/robot_ws/install/description/share/description/local_setup.sh
[3.354s] -- Up-to-date symlink: /home/piyush/robot_ws/install/description/share/description/local_setup.zsh
[3.355s] -- Up-to-date symlink: /home/piyush/robot_ws/install/description/share/description/local_setup.dsv
[3.355s] -- Symlinking: /home/piyush/robot_ws/install/description/share/description/package.dsv
[3.368s] -- Up-to-date symlink: /home/piyush/robot_ws/install/description/share/ament_index/resource_index/packages/description
[3.368s] -- Up-to-date symlink: /home/piyush/robot_ws/install/description/share/description/cmake/descriptionConfig.cmake
[3.368s] -- Up-to-date symlink: /home/piyush/robot_ws/install/description/share/description/cmake/descriptionConfig-version.cmake
[3.369s] -- Up-to-date symlink: /home/piyush/robot_ws/install/description/share/description/package.xml
[3.372s] Invoked command in '/home/piyush/robot_ws/build/description' returned '0': CMAKE_PREFIX_PATH=/home/piyush/robot_ws/install/description:/home/piyush/ros2_ws/install/urdf_example:/home/piyush/ros2_ws/install/simple_pkg:/home/piyush/ros2_ws/install/py_srvcli:/home/piyush/ros2_ws/install/py_pubsub:/opt/ros/humble:/home/piyush/ros2_ws/install/rmp_ros2_bot_description:/home/piyush/ros2_ws/install/cpp_srvcli:/home/piyush/ros2_ws/install/assignment_1 /usr/bin/cmake --install /home/piyush/robot_ws/build/description
