[0.020s] Invoking command in '/home/piyush/robot_ws/build/description': CMAKE_PREFIX_PATH=/home/piyush/ros2_ws/install/urdf_example:/home/piyush/ros2_ws/install/simple_pkg:/home/piyush/ros2_ws/install/py_srvcli:/home/piyush/ros2_ws/install/py_pubsub:/opt/ros/humble:/home/piyush/ros2_ws/install/rmp_ros2_bot_description:/home/piyush/ros2_ws/install/cpp_srvcli:/home/piyush/ros2_ws/install/assignment_1 /usr/bin/cmake /home/piyush/robot_ws/src/description -DAMENT_CMAKE_SYMLINK_INSTALL=1 -DCMAKE_INSTALL_PREFIX=/home/piyush/robot_ws/install/description
[0.036s] -- Found ament_cmake: 1.3.8 (/opt/ros/humble/share/ament_cmake/cmake)
[0.194s] -- Override CMake install command with custom implementation using symlinks instead of copying resources
[0.261s] -- Found robot_state_publisher: 3.0.3 (/opt/ros/humble/share/robot_state_publisher/cmake)
[0.300s] -- Found rosidl_generator_c: 3.1.5 (/opt/ros/humble/share/rosidl_generator_c/cmake)
[0.304s] -- Found rosidl_adapter: 3.1.5 (/opt/ros/humble/share/rosidl_adapter/cmake)
[0.315s] -- Found rosidl_generator_cpp: 3.1.5 (/opt/ros/humble/share/rosidl_generator_cpp/cmake)
[0.333s] -- Using all available rosidl_typesupport_c: rosidl_typesupport_fastrtps_c;rosidl_typesupport_introspection_c
[0.356s] -- Using all available rosidl_typesupport_cpp: rosidl_typesupport_fastrtps_cpp;rosidl_typesupport_introspection_cpp
[0.514s] -- Found eigen3_cmake_module: 0.1.1 (/opt/ros/humble/share/eigen3_cmake_module/cmake)
[0.516s] -- Ensuring Eigen3 include directory is part of orocos-kdl CMake target
[0.587s] -- Found rmw_implementation_cmake: 6.1.1 (/opt/ros/humble/share/rmw_implementation_cmake/cmake)
[0.589s] -- Found rmw_cyclonedds_cpp: 1.3.4 (/opt/ros/humble/share/rmw_cyclonedds_cpp/cmake)
[0.631s] -- Using RMW implementation 'rmw_cyclonedds_cpp' as default
[1.394s] -- Found gazebo_ros: 3.7.0 (/opt/ros/humble/share/gazebo_ros/cmake)
[1.437s] -- Found DART: /usr/include (Required is at least version "6.6") found components: dart 
[1.473s] -- Found Protobuf: /usr/lib/x86_64-linux-gnu/libprotobuf.so (found version "3.12.4") 
[1.475s] -- Looking for ignition-math6 -- found version 6.15.1
[1.481s] -- Searching for dependencies of ignition-math6
[1.483s] -- Looking for OGRE...
[1.490s] -- Found Ogre Ghadamon (1.9.0)
[1.490s] -- Found OGRE: optimized;/usr/lib/x86_64-linux-gnu/libOgreMain.so;debug;/usr/lib/x86_64-linux-gnu/libOgreMain.so
[1.502s] -- Looking for OGRE_Paging...
[1.502s] -- Found OGRE_Paging: optimized;/usr/lib/x86_64-linux-gnu/libOgrePaging.so;debug;/usr/lib/x86_64-linux-gnu/libOgrePaging.so
[1.502s] -- Looking for OGRE_Terrain...
[1.503s] -- Found OGRE_Terrain: optimized;/usr/lib/x86_64-linux-gnu/libOgreTerrain.so;debug;/usr/lib/x86_64-linux-gnu/libOgreTerrain.so
[1.503s] -- Looking for OGRE_Property...
[1.503s] -- Found OGRE_Property: optimized;/usr/lib/x86_64-linux-gnu/libOgreProperty.so;debug;/usr/lib/x86_64-linux-gnu/libOgreProperty.so
[1.503s] -- Looking for OGRE_RTShaderSystem...
[1.503s] -- Found OGRE_RTShaderSystem: optimized;/usr/lib/x86_64-linux-gnu/libOgreRTShaderSystem.so;debug;/usr/lib/x86_64-linux-gnu/libOgreRTShaderSystem.so
[1.503s] -- Looking for OGRE_Volume...
[1.504s] -- Found OGRE_Volume: optimized;/usr/lib/x86_64-linux-gnu/libOgreVolume.so;debug;/usr/lib/x86_64-linux-gnu/libOgreVolume.so
[1.504s] -- Looking for OGRE_Overlay...
[1.504s] -- Found OGRE_Overlay: optimized;/usr/lib/x86_64-linux-gnu/libOgreOverlay.so;debug;/usr/lib/x86_64-linux-gnu/libOgreOverlay.so
[1.678s] -- Looking for ignition-math6 -- found version 6.15.1
[1.678s] -- Looking for ignition-transport8 -- found version 8.2.1
[1.679s] -- Searching for dependencies of ignition-transport8
[1.701s] -- Found Protobuf: /usr/lib/x86_64-linux-gnu/libprotobuf.so (found suitable version "3.12.4", minimum required is "3") 
[1.716s] -- Config-file not installed for ZeroMQ -- checking for pkg-config
[1.722s] -- Checking for module 'libzmq >= 4'
[1.741s] --   Found libzmq , version 4.3.4
[1.795s] -- Checking for module 'uuid'
[1.812s] --   Found uuid, version 2.37.2
[1.855s] -- Looking for ignition-msgs5 -- found version 5.8.1
[1.856s] -- Searching for dependencies of ignition-msgs5
[1.880s] -- Looking for ignition-math6 -- found version 6.15.1
[1.889s] -- Looking for ignition-msgs5 -- found version 5.8.1
[1.890s] -- Looking for ignition-common3 -- found version 3.14.0
[1.891s] -- Searching for dependencies of ignition-common3
[1.891s] -- Looking for dlfcn.h - found
[1.891s] -- Looking for libdl - found
[1.906s] -- Searching for <ignition-common3> component [graphics]
[1.907s] -- Looking for ignition-common3-graphics -- found version 3.14.0
[1.909s] -- Searching for dependencies of ignition-common3-graphics
[1.910s] -- Looking for ignition-math6 -- found version 6.15.1
[1.911s] -- Looking for ignition-fuel_tools4 -- found version 4.4.0
[1.912s] -- Searching for dependencies of ignition-fuel_tools4
[1.962s] -- Checking for module 'jsoncpp'
[1.979s] --   Found jsoncpp, version 1.9.5
[2.030s] -- Checking for module 'libzip'
[2.047s] --   Found libzip, version 1.7.3
[2.090s] -- Looking for ignition-common3 -- found version 3.14.0
[2.090s] -- Looking for ignition-math6 -- found version 6.15.1
[2.091s] -- Looking for ignition-msgs5 -- found version 5.8.1
[2.093s] -- Gazebo version: 11.10
[2.100s] -- Found ament_lint_auto: 0.12.10 (/opt/ros/humble/share/ament_lint_auto/cmake)
[2.203s] -- Added test 'flake8' to check Python code syntax and style conventions
[2.205s] -- Added test 'lint_cmake' to check CMake code style
[2.205s] -- Added test 'pep257' to check Python code against some of the docstring style conventions in PEP 257
[2.209s] -- Added test 'xmllint' to check XML markup files
[2.211s] -- Configuring done
[2.279s] -- Generating done
[2.286s] -- Build files have been written to: /home/piyush/robot_ws/build/description
[2.306s] Invoked command in '/home/piyush/robot_ws/build/description' returned '0': CMAKE_PREFIX_PATH=/home/piyush/ros2_ws/install/urdf_example:/home/piyush/ros2_ws/install/simple_pkg:/home/piyush/ros2_ws/install/py_srvcli:/home/piyush/ros2_ws/install/py_pubsub:/opt/ros/humble:/home/piyush/ros2_ws/install/rmp_ros2_bot_description:/home/piyush/ros2_ws/install/cpp_srvcli:/home/piyush/ros2_ws/install/assignment_1 /usr/bin/cmake /home/piyush/robot_ws/src/description -DAMENT_CMAKE_SYMLINK_INSTALL=1 -DCMAKE_INSTALL_PREFIX=/home/piyush/robot_ws/install/description
[2.310s] Invoking command in '/home/piyush/robot_ws/build/description': CMAKE_PREFIX_PATH=/home/piyush/ros2_ws/install/urdf_example:/home/piyush/ros2_ws/install/simple_pkg:/home/piyush/ros2_ws/install/py_srvcli:/home/piyush/ros2_ws/install/py_pubsub:/opt/ros/humble:/home/piyush/ros2_ws/install/rmp_ros2_bot_description:/home/piyush/ros2_ws/install/cpp_srvcli:/home/piyush/ros2_ws/install/assignment_1 /usr/bin/cmake --build /home/piyush/robot_ws/build/description -- -j4 -l4
[2.368s] Invoked command in '/home/piyush/robot_ws/build/description' returned '0': CMAKE_PREFIX_PATH=/home/piyush/ros2_ws/install/urdf_example:/home/piyush/ros2_ws/install/simple_pkg:/home/piyush/ros2_ws/install/py_srvcli:/home/piyush/ros2_ws/install/py_pubsub:/opt/ros/humble:/home/piyush/ros2_ws/install/rmp_ros2_bot_description:/home/piyush/ros2_ws/install/cpp_srvcli:/home/piyush/ros2_ws/install/assignment_1 /usr/bin/cmake --build /home/piyush/robot_ws/build/description -- -j4 -l4
[2.408s] Invoking command in '/home/piyush/robot_ws/build/description': CMAKE_PREFIX_PATH=/home/piyush/ros2_ws/install/urdf_example:/home/piyush/ros2_ws/install/simple_pkg:/home/piyush/ros2_ws/install/py_srvcli:/home/piyush/ros2_ws/install/py_pubsub:/opt/ros/humble:/home/piyush/ros2_ws/install/rmp_ros2_bot_description:/home/piyush/ros2_ws/install/cpp_srvcli:/home/piyush/ros2_ws/install/assignment_1 /usr/bin/cmake --install /home/piyush/robot_ws/build/description
[2.418s] -- Install configuration: ""
[2.419s] -- Execute custom install script
[2.419s] -- Up-to-date symlink: /home/piyush/robot_ws/install/description/share/description/config/simulation.rviz
[2.420s] -- Up-to-date symlink: /home/piyush/robot_ws/install/description/share/description/config/view_bot.rviz
[2.420s] -- Up-to-date symlink: /home/piyush/robot_ws/install/description/share/description/launch/abstract.launch.py
[2.420s] -- Up-to-date symlink: /home/piyush/robot_ws/install/description/share/description/launch/rsp.launch.py
[2.420s] -- Up-to-date symlink: /home/piyush/robot_ws/install/description/share/description/launch/sim.launch.py
[2.421s] -- Up-to-date symlink: /home/piyush/robot_ws/install/description/share/description/urdf/gazebo.xacro
[2.421s] -- Up-to-date symlink: /home/piyush/robot_ws/install/description/share/description/urdf/inertia_macros.xacro
[2.421s] -- Up-to-date symlink: /home/piyush/robot_ws/install/description/share/description/urdf/joints.urdf.xacro
[2.421s] -- Up-to-date symlink: /home/piyush/robot_ws/install/description/share/description/urdf/lidar.urdf.xacro
[2.421s] -- Up-to-date symlink: /home/piyush/robot_ws/install/description/share/description/urdf/links.urdf.xacro
[2.422s] -- Up-to-date symlink: /home/piyush/robot_ws/install/description/share/description/urdf/materials.urdf.xacro
[2.422s] -- Up-to-date symlink: /home/piyush/robot_ws/install/description/share/description/urdf/robot.urdf.xacro
[2.423s] -- Up-to-date symlink: /home/piyush/robot_ws/install/description/share/description/worlds/house.world
[2.424s] -- Up-to-date symlink: /home/piyush/robot_ws/install/description/share/ament_index/resource_index/package_run_dependencies/description
[2.424s] -- Up-to-date symlink: /home/piyush/robot_ws/install/description/share/ament_index/resource_index/parent_prefix_path/description
[2.425s] -- Up-to-date symlink: /home/piyush/robot_ws/install/description/share/description/environment/ament_prefix_path.sh
[2.426s] -- Up-to-date symlink: /home/piyush/robot_ws/install/description/share/description/environment/ament_prefix_path.dsv
[2.426s] -- Up-to-date symlink: /home/piyush/robot_ws/install/description/share/description/environment/path.sh
[2.427s] -- Up-to-date symlink: /home/piyush/robot_ws/install/description/share/description/environment/path.dsv
[2.427s] -- Up-to-date symlink: /home/piyush/robot_ws/install/description/share/description/local_setup.bash
[2.427s] -- Up-to-date symlink: /home/piyush/robot_ws/install/description/share/description/local_setup.sh
[2.427s] -- Up-to-date symlink: /home/piyush/robot_ws/install/description/share/description/local_setup.zsh
[2.427s] -- Up-to-date symlink: /home/piyush/robot_ws/install/description/share/description/local_setup.dsv
[2.428s] -- Symlinking: /home/piyush/robot_ws/install/description/share/description/package.dsv
[2.438s] -- Up-to-date symlink: /home/piyush/robot_ws/install/description/share/ament_index/resource_index/packages/description
[2.439s] -- Up-to-date symlink: /home/piyush/robot_ws/install/description/share/description/cmake/descriptionConfig.cmake
[2.440s] -- Up-to-date symlink: /home/piyush/robot_ws/install/description/share/description/cmake/descriptionConfig-version.cmake
[2.440s] -- Up-to-date symlink: /home/piyush/robot_ws/install/description/share/description/package.xml
[2.442s] Invoked command in '/home/piyush/robot_ws/build/description' returned '0': CMAKE_PREFIX_PATH=/home/piyush/ros2_ws/install/urdf_example:/home/piyush/ros2_ws/install/simple_pkg:/home/piyush/ros2_ws/install/py_srvcli:/home/piyush/ros2_ws/install/py_pubsub:/opt/ros/humble:/home/piyush/ros2_ws/install/rmp_ros2_bot_description:/home/piyush/ros2_ws/install/cpp_srvcli:/home/piyush/ros2_ws/install/assignment_1 /usr/bin/cmake --install /home/piyush/robot_ws/build/description
