[0.236s] Invoking command in '/home/piyush/robot_ws/build/description': CMAKE_PREFIX_PATH=/home/piyush/robot_ws/install/description:/home/piyush/ros2_ws/install/urdf_example:/home/piyush/ros2_ws/install/simple_pkg:/home/piyush/ros2_ws/install/py_srvcli:/home/piyush/ros2_ws/install/py_pubsub:/opt/ros/humble:/home/piyush/ros2_ws/install/rmp_ros2_bot_description:/home/piyush/ros2_ws/install/cpp_srvcli:/home/piyush/ros2_ws/install/assignment_1 /usr/bin/cmake /home/piyush/robot_ws/src/description -DCMAKE_INSTALL_PREFIX=/home/piyush/robot_ws/install/description
[0.652s] -- Found ament_cmake: 1.3.8 (/opt/ros/humble/share/ament_cmake/cmake)
[0.810s] -- Override CMake install command with custom implementation using symlinks instead of copying resources
[0.942s] -- Found robot_state_publisher: 3.0.3 (/opt/ros/humble/share/robot_state_publisher/cmake)
[0.986s] -- Found rosidl_generator_c: 3.1.5 (/opt/ros/humble/share/rosidl_generator_c/cmake)
[0.989s] -- Found rosidl_adapter: 3.1.5 (/opt/ros/humble/share/rosidl_adapter/cmake)
[0.998s] -- Found rosidl_generator_cpp: 3.1.5 (/opt/ros/humble/share/rosidl_generator_cpp/cmake)
[1.015s] -- Using all available rosidl_typesupport_c: rosidl_typesupport_fastrtps_c;rosidl_typesupport_introspection_c
[1.039s] -- Using all available rosidl_typesupport_cpp: rosidl_typesupport_fastrtps_cpp;rosidl_typesupport_introspection_cpp
[1.192s] -- Found eigen3_cmake_module: 0.1.1 (/opt/ros/humble/share/eigen3_cmake_module/cmake)
[1.194s] -- Ensuring Eigen3 include directory is part of orocos-kdl CMake target
[1.263s] -- Found rmw_implementation_cmake: 6.1.1 (/opt/ros/humble/share/rmw_implementation_cmake/cmake)
[1.265s] -- Found rmw_cyclonedds_cpp: 1.3.4 (/opt/ros/humble/share/rmw_cyclonedds_cpp/cmake)
[1.304s] -- Using RMW implementation 'rmw_cyclonedds_cpp' as default
[2.109s] -- Found gazebo_ros: 3.7.0 (/opt/ros/humble/share/gazebo_ros/cmake)
[2.148s] -- Found DART: /usr/include (Required is at least version "6.6") found components: dart 
[2.181s] -- Found Protobuf: /usr/lib/x86_64-linux-gnu/libprotobuf.so (found version "3.12.4") 
[2.183s] -- Looking for ignition-math6 -- found version 6.15.1
[2.189s] -- Searching for dependencies of ignition-math6
[2.191s] -- Looking for OGRE...
[2.198s] -- Found Ogre Ghadamon (1.9.0)
[2.198s] -- Found OGRE: optimized;/usr/lib/x86_64-linux-gnu/libOgreMain.so;debug;/usr/lib/x86_64-linux-gnu/libOgreMain.so
[2.210s] -- Looking for OGRE_Paging...
[2.210s] -- Found OGRE_Paging: optimized;/usr/lib/x86_64-linux-gnu/libOgrePaging.so;debug;/usr/lib/x86_64-linux-gnu/libOgrePaging.so
[2.210s] -- Looking for OGRE_Terrain...
[2.210s] -- Found OGRE_Terrain: optimized;/usr/lib/x86_64-linux-gnu/libOgreTerrain.so;debug;/usr/lib/x86_64-linux-gnu/libOgreTerrain.so
[2.210s] -- Looking for OGRE_Property...
[2.211s] -- Found OGRE_Property: optimized;/usr/lib/x86_64-linux-gnu/libOgreProperty.so;debug;/usr/lib/x86_64-linux-gnu/libOgreProperty.so
[2.211s] -- Looking for OGRE_RTShaderSystem...
[2.211s] -- Found OGRE_RTShaderSystem: optimized;/usr/lib/x86_64-linux-gnu/libOgreRTShaderSystem.so;debug;/usr/lib/x86_64-linux-gnu/libOgreRTShaderSystem.so
[2.211s] -- Looking for OGRE_Volume...
[2.211s] -- Found OGRE_Volume: optimized;/usr/lib/x86_64-linux-gnu/libOgreVolume.so;debug;/usr/lib/x86_64-linux-gnu/libOgreVolume.so
[2.212s] -- Looking for OGRE_Overlay...
[2.212s] -- Found OGRE_Overlay: optimized;/usr/lib/x86_64-linux-gnu/libOgreOverlay.so;debug;/usr/lib/x86_64-linux-gnu/libOgreOverlay.so
[2.369s] -- Looking for ignition-math6 -- found version 6.15.1
[2.370s] -- Looking for ignition-transport8 -- found version 8.2.1
[2.371s] -- Searching for dependencies of ignition-transport8
[2.392s] -- Found Protobuf: /usr/lib/x86_64-linux-gnu/libprotobuf.so (found suitable version "3.12.4", minimum required is "3") 
[2.405s] -- Config-file not installed for ZeroMQ -- checking for pkg-config
[2.411s] -- Checking for module 'libzmq >= 4'
[2.505s] --   Found libzmq , version 4.3.4
[2.584s] -- Checking for module 'uuid'
[2.600s] --   Found uuid, version 2.37.2
[2.643s] -- Looking for ignition-msgs5 -- found version 5.8.1
[2.644s] -- Searching for dependencies of ignition-msgs5
[2.667s] -- Looking for ignition-math6 -- found version 6.15.1
[2.676s] -- Looking for ignition-msgs5 -- found version 5.8.1
[2.676s] -- Looking for ignition-common3 -- found version 3.14.0
[2.677s] -- Searching for dependencies of ignition-common3
[2.677s] -- Looking for dlfcn.h - found
[2.677s] -- Looking for libdl - found
[2.691s] -- Searching for <ignition-common3> component [graphics]
[2.691s] -- Looking for ignition-common3-graphics -- found version 3.14.0
[2.692s] -- Searching for dependencies of ignition-common3-graphics
[2.692s] -- Looking for ignition-math6 -- found version 6.15.1
[2.694s] -- Looking for ignition-fuel_tools4 -- found version 4.4.0
[2.694s] -- Searching for dependencies of ignition-fuel_tools4
[2.742s] -- Checking for module 'jsoncpp'
[2.759s] --   Found jsoncpp, version 1.9.5
[2.806s] -- Checking for module 'libzip'
[2.823s] --   Found libzip, version 1.7.3
[2.866s] -- Looking for ignition-common3 -- found version 3.14.0
[2.867s] -- Looking for ignition-math6 -- found version 6.15.1
[2.868s] -- Looking for ignition-msgs5 -- found version 5.8.1
[2.870s] -- Gazebo version: 11.10
[2.876s] -- Found ament_lint_auto: 0.12.10 (/opt/ros/humble/share/ament_lint_auto/cmake)
[2.968s] -- Added test 'flake8' to check Python code syntax and style conventions
[2.968s] -- Added test 'lint_cmake' to check CMake code style
[2.969s] -- Added test 'pep257' to check Python code against some of the docstring style conventions in PEP 257
[2.971s] -- Added test 'xmllint' to check XML markup files
[2.973s] -- Configuring done
[3.090s] -- Generating done
[3.099s] -- Build files have been written to: /home/piyush/robot_ws/build/description
[3.122s] Invoked command in '/home/piyush/robot_ws/build/description' returned '0': CMAKE_PREFIX_PATH=/home/piyush/robot_ws/install/description:/home/piyush/ros2_ws/install/urdf_example:/home/piyush/ros2_ws/install/simple_pkg:/home/piyush/ros2_ws/install/py_srvcli:/home/piyush/ros2_ws/install/py_pubsub:/opt/ros/humble:/home/piyush/ros2_ws/install/rmp_ros2_bot_description:/home/piyush/ros2_ws/install/cpp_srvcli:/home/piyush/ros2_ws/install/assignment_1 /usr/bin/cmake /home/piyush/robot_ws/src/description -DCMAKE_INSTALL_PREFIX=/home/piyush/robot_ws/install/description
[3.126s] Invoking command in '/home/piyush/robot_ws/build/description': CMAKE_PREFIX_PATH=/home/piyush/robot_ws/install/description:/home/piyush/ros2_ws/install/urdf_example:/home/piyush/ros2_ws/install/simple_pkg:/home/piyush/ros2_ws/install/py_srvcli:/home/piyush/ros2_ws/install/py_pubsub:/opt/ros/humble:/home/piyush/ros2_ws/install/rmp_ros2_bot_description:/home/piyush/ros2_ws/install/cpp_srvcli:/home/piyush/ros2_ws/install/assignment_1 /usr/bin/cmake --build /home/piyush/robot_ws/build/description -- -j4 -l4
[3.180s] Invoked command in '/home/piyush/robot_ws/build/description' returned '0': CMAKE_PREFIX_PATH=/home/piyush/robot_ws/install/description:/home/piyush/ros2_ws/install/urdf_example:/home/piyush/ros2_ws/install/simple_pkg:/home/piyush/ros2_ws/install/py_srvcli:/home/piyush/ros2_ws/install/py_pubsub:/opt/ros/humble:/home/piyush/ros2_ws/install/rmp_ros2_bot_description:/home/piyush/ros2_ws/install/cpp_srvcli:/home/piyush/ros2_ws/install/assignment_1 /usr/bin/cmake --build /home/piyush/robot_ws/build/description -- -j4 -l4
[3.219s] Invoking command in '/home/piyush/robot_ws/build/description': CMAKE_PREFIX_PATH=/home/piyush/robot_ws/install/description:/home/piyush/ros2_ws/install/urdf_example:/home/piyush/ros2_ws/install/simple_pkg:/home/piyush/ros2_ws/install/py_srvcli:/home/piyush/ros2_ws/install/py_pubsub:/opt/ros/humble:/home/piyush/ros2_ws/install/rmp_ros2_bot_description:/home/piyush/ros2_ws/install/cpp_srvcli:/home/piyush/ros2_ws/install/assignment_1 /usr/bin/cmake --install /home/piyush/robot_ws/build/description
[3.227s] -- Install configuration: ""
[3.227s] -- Execute custom install script
[3.228s] -- Up-to-date symlink: /home/piyush/robot_ws/install/description/share/description/config/simulation.rviz
[3.228s] -- Up-to-date symlink: /home/piyush/robot_ws/install/description/share/description/config/view_bot.rviz
[3.228s] -- Up-to-date symlink: /home/piyush/robot_ws/install/description/share/description/launch/abstract.launch.py
[3.229s] -- Up-to-date symlink: /home/piyush/robot_ws/install/description/share/description/launch/rsp.launch.py
[3.229s] -- Up-to-date symlink: /home/piyush/robot_ws/install/description/share/description/launch/sim.launch.py
[3.229s] -- Up-to-date symlink: /home/piyush/robot_ws/install/description/share/description/urdf/gazebo.xacro
[3.229s] -- Up-to-date symlink: /home/piyush/robot_ws/install/description/share/description/urdf/inertia_macros.xacro
[3.230s] -- Up-to-date symlink: /home/piyush/robot_ws/install/description/share/description/urdf/joints.urdf.xacro
[3.230s] -- Up-to-date symlink: /home/piyush/robot_ws/install/description/share/description/urdf/lidar.urdf.xacro
[3.230s] -- Up-to-date symlink: /home/piyush/robot_ws/install/description/share/description/urdf/links.urdf.xacro
[3.230s] -- Up-to-date symlink: /home/piyush/robot_ws/install/description/share/description/urdf/materials.urdf.xacro
[3.230s] -- Up-to-date symlink: /home/piyush/robot_ws/install/description/share/description/urdf/robot.urdf.xacro
[3.231s] -- Symlinking: /home/piyush/robot_ws/install/description/share/description/worlds/house.sdf
[3.247s] -- Up-to-date symlink: /home/piyush/robot_ws/install/description/share/ament_index/resource_index/package_run_dependencies/description
[3.248s] -- Up-to-date symlink: /home/piyush/robot_ws/install/description/share/ament_index/resource_index/parent_prefix_path/description
[3.248s] -- Up-to-date symlink: /home/piyush/robot_ws/install/description/share/description/environment/ament_prefix_path.sh
[3.248s] -- Up-to-date symlink: /home/piyush/robot_ws/install/description/share/description/environment/ament_prefix_path.dsv
[3.249s] -- Up-to-date symlink: /home/piyush/robot_ws/install/description/share/description/environment/path.sh
[3.249s] -- Up-to-date symlink: /home/piyush/robot_ws/install/description/share/description/environment/path.dsv
[3.249s] -- Up-to-date symlink: /home/piyush/robot_ws/install/description/share/description/local_setup.bash
[3.250s] -- Up-to-date symlink: /home/piyush/robot_ws/install/description/share/description/local_setup.sh
[3.250s] -- Up-to-date symlink: /home/piyush/robot_ws/install/description/share/description/local_setup.zsh
[3.250s] -- Up-to-date symlink: /home/piyush/robot_ws/install/description/share/description/local_setup.dsv
[3.250s] -- Symlinking: /home/piyush/robot_ws/install/description/share/description/package.dsv
[3.264s] -- Up-to-date symlink: /home/piyush/robot_ws/install/description/share/ament_index/resource_index/packages/description
[3.264s] -- Up-to-date symlink: /home/piyush/robot_ws/install/description/share/description/cmake/descriptionConfig.cmake
[3.264s] -- Up-to-date symlink: /home/piyush/robot_ws/install/description/share/description/cmake/descriptionConfig-version.cmake
[3.265s] -- Up-to-date symlink: /home/piyush/robot_ws/install/description/share/description/package.xml
[3.267s] Invoked command in '/home/piyush/robot_ws/build/description' returned '0': CMAKE_PREFIX_PATH=/home/piyush/robot_ws/install/description:/home/piyush/ros2_ws/install/urdf_example:/home/piyush/ros2_ws/install/simple_pkg:/home/piyush/ros2_ws/install/py_srvcli:/home/piyush/ros2_ws/install/py_pubsub:/opt/ros/humble:/home/piyush/ros2_ws/install/rmp_ros2_bot_description:/home/piyush/ros2_ws/install/cpp_srvcli:/home/piyush/ros2_ws/install/assignment_1 /usr/bin/cmake --install /home/piyush/robot_ws/build/description
