[0.023s] Invoking command in '/home/piyush/robot_ws/build/description': CMAKE_PREFIX_PATH=/home/piyush/ros2_ws/install/urdf_example:/home/piyush/ros2_ws/install/simple_pkg:/home/piyush/ros2_ws/install/py_srvcli:/home/piyush/ros2_ws/install/py_pubsub:/opt/ros/humble:/home/piyush/ros2_ws/install/rmp_ros2_bot_description:/home/piyush/ros2_ws/install/cpp_srvcli:/home/piyush/ros2_ws/install/assignment_1 /usr/bin/cmake /home/piyush/robot_ws/src/description -DAMENT_CMAKE_SYMLINK_INSTALL=1 -DCMAKE_INSTALL_PREFIX=/home/piyush/robot_ws/install/description
[0.045s] -- Found ament_cmake: 1.3.8 (/opt/ros/humble/share/ament_cmake/cmake)
[0.217s] -- Override CMake install command with custom implementation using symlinks instead of copying resources
[0.233s] -- Found robot_state_publisher: 3.0.3 (/opt/ros/humble/share/robot_state_publisher/cmake)
[0.274s] -- Found rosidl_generator_c: 3.1.5 (/opt/ros/humble/share/rosidl_generator_c/cmake)
[0.278s] -- Found rosidl_adapter: 3.1.5 (/opt/ros/humble/share/rosidl_adapter/cmake)
[0.290s] -- Found rosidl_generator_cpp: 3.1.5 (/opt/ros/humble/share/rosidl_generator_cpp/cmake)
[0.309s] -- Using all available rosidl_typesupport_c: rosidl_typesupport_fastrtps_c;rosidl_typesupport_introspection_c
[0.336s] -- Using all available rosidl_typesupport_cpp: rosidl_typesupport_fastrtps_cpp;rosidl_typesupport_introspection_cpp
[0.514s] -- Found eigen3_cmake_module: 0.1.1 (/opt/ros/humble/share/eigen3_cmake_module/cmake)
[0.516s] -- Ensuring Eigen3 include directory is part of orocos-kdl CMake target
[0.590s] -- Found rmw_implementation_cmake: 6.1.1 (/opt/ros/humble/share/rmw_implementation_cmake/cmake)
[0.592s] -- Found rmw_cyclonedds_cpp: 1.3.4 (/opt/ros/humble/share/rmw_cyclonedds_cpp/cmake)
[0.639s] -- Using RMW implementation 'rmw_cyclonedds_cpp' as default
[1.427s] -- Found gazebo_ros: 3.7.0 (/opt/ros/humble/share/gazebo_ros/cmake)
[1.496s] -- Found DART: /usr/include (Required is at least version "6.6") found components: dart 
[1.557s] -- Found Protobuf: /usr/lib/x86_64-linux-gnu/libprotobuf.so (found version "3.12.4") 
[1.559s] -- Looking for ignition-math6 -- found version 6.15.1
[1.566s] -- Searching for dependencies of ignition-math6
[1.568s] -- Looking for OGRE...
[1.575s] -- Found Ogre Ghadamon (1.9.0)
[1.575s] -- Found OGRE: optimized;/usr/lib/x86_64-linux-gnu/libOgreMain.so;debug;/usr/lib/x86_64-linux-gnu/libOgreMain.so
[1.587s] -- Looking for OGRE_Paging...
[1.588s] -- Found OGRE_Paging: optimized;/usr/lib/x86_64-linux-gnu/libOgrePaging.so;debug;/usr/lib/x86_64-linux-gnu/libOgrePaging.so
[1.588s] -- Looking for OGRE_Terrain...
[1.588s] -- Found OGRE_Terrain: optimized;/usr/lib/x86_64-linux-gnu/libOgreTerrain.so;debug;/usr/lib/x86_64-linux-gnu/libOgreTerrain.so
[1.588s] -- Looking for OGRE_Property...
[1.588s] -- Found OGRE_Property: optimized;/usr/lib/x86_64-linux-gnu/libOgreProperty.so;debug;/usr/lib/x86_64-linux-gnu/libOgreProperty.so
[1.589s] -- Looking for OGRE_RTShaderSystem...
[1.589s] -- Found OGRE_RTShaderSystem: optimized;/usr/lib/x86_64-linux-gnu/libOgreRTShaderSystem.so;debug;/usr/lib/x86_64-linux-gnu/libOgreRTShaderSystem.so
[1.589s] -- Looking for OGRE_Volume...
[1.589s] -- Found OGRE_Volume: optimized;/usr/lib/x86_64-linux-gnu/libOgreVolume.so;debug;/usr/lib/x86_64-linux-gnu/libOgreVolume.so
[1.589s] -- Looking for OGRE_Overlay...
[1.590s] -- Found OGRE_Overlay: optimized;/usr/lib/x86_64-linux-gnu/libOgreOverlay.so;debug;/usr/lib/x86_64-linux-gnu/libOgreOverlay.so
[1.786s] -- Looking for ignition-math6 -- found version 6.15.1
[1.787s] -- Looking for ignition-transport8 -- found version 8.2.1
[1.788s] -- Searching for dependencies of ignition-transport8
[1.810s] -- Found Protobuf: /usr/lib/x86_64-linux-gnu/libprotobuf.so (found suitable version "3.12.4", minimum required is "3") 
[1.824s] -- Config-file not installed for ZeroMQ -- checking for pkg-config
[1.832s] -- Checking for module 'libzmq >= 4'
[1.853s] --   Found libzmq , version 4.3.4
[1.908s] -- Checking for module 'uuid'
[1.925s] --   Found uuid, version 2.37.2
[1.977s] -- Looking for ignition-msgs5 -- found version 5.8.1
[1.978s] -- Searching for dependencies of ignition-msgs5
[2.007s] -- Looking for ignition-math6 -- found version 6.15.1
[2.016s] -- Looking for ignition-msgs5 -- found version 5.8.1
[2.016s] -- Looking for ignition-common3 -- found version 3.14.0
[2.017s] -- Searching for dependencies of ignition-common3
[2.017s] -- Looking for dlfcn.h - found
[2.018s] -- Looking for libdl - found
[2.036s] -- Searching for <ignition-common3> component [graphics]
[2.037s] -- Looking for ignition-common3-graphics -- found version 3.14.0
[2.038s] -- Searching for dependencies of ignition-common3-graphics
[2.039s] -- Looking for ignition-math6 -- found version 6.15.1
[2.041s] -- Looking for ignition-fuel_tools4 -- found version 4.4.0
[2.041s] -- Searching for dependencies of ignition-fuel_tools4
[2.093s] -- Checking for module 'jsoncpp'
[2.110s] --   Found jsoncpp, version 1.9.5
[2.165s] -- Checking for module 'libzip'
[2.182s] --   Found libzip, version 1.7.3
[2.228s] -- Looking for ignition-common3 -- found version 3.14.0
[2.231s] -- Looking for ignition-math6 -- found version 6.15.1
[2.232s] -- Looking for ignition-msgs5 -- found version 5.8.1
[2.234s] -- Gazebo version: 11.10
[2.258s] [31mCMake Error at CMakeLists.txt:12 (find_package):
[2.258s]   By not providing "Findjoint_state_publisher_gui.cmake" in CMAKE_MODULE_PATH
[2.258s]   this project has asked CMake to find a package configuration file provided
[2.258s]   by "joint_state_publisher_gui", but CMake did not find one.
[2.258s] 
[2.259s]   Could not find a package configuration file provided by
[2.259s]   "joint_state_publisher_gui" with any of the following names:
[2.259s] 
[2.259s]     joint_state_publisher_guiConfig.cmake
[2.260s]     joint_state_publisher_gui-config.cmake
[2.260s] 
[2.260s]   Add the installation prefix of "joint_state_publisher_gui" to
[2.260s]   CMAKE_PREFIX_PATH or set "joint_state_publisher_gui_DIR" to a directory
[2.260s]   containing one of the above files.  If "joint_state_publisher_gui" provides
[2.261s]   a separate development package or SDK, be sure it has been installed.
[2.261s] 
[2.261s] [0m
[2.261s] -- Configuring incomplete, errors occurred!
[2.262s] See also "/home/piyush/robot_ws/build/description/CMakeFiles/CMakeOutput.log".
[2.273s] Invoked command in '/home/piyush/robot_ws/build/description' returned '1': CMAKE_PREFIX_PATH=/home/piyush/ros2_ws/install/urdf_example:/home/piyush/ros2_ws/install/simple_pkg:/home/piyush/ros2_ws/install/py_srvcli:/home/piyush/ros2_ws/install/py_pubsub:/opt/ros/humble:/home/piyush/ros2_ws/install/rmp_ros2_bot_description:/home/piyush/ros2_ws/install/cpp_srvcli:/home/piyush/ros2_ws/install/assignment_1 /usr/bin/cmake /home/piyush/robot_ws/src/description -DAMENT_CMAKE_SYMLINK_INSTALL=1 -DCMAKE_INSTALL_PREFIX=/home/piyush/robot_ws/install/description
