[0.016s] Invoking command in '/home/piyush/robot_ws/build/description': CMAKE_PREFIX_PATH=/home/piyush/ros2_ws/install/urdf_example:/home/piyush/ros2_ws/install/simple_pkg:/home/piyush/ros2_ws/install/py_srvcli:/home/piyush/ros2_ws/install/py_pubsub:/opt/ros/humble:/home/piyush/ros2_ws/install/rmp_ros2_bot_description:/home/piyush/ros2_ws/install/cpp_srvcli:/home/piyush/ros2_ws/install/assignment_1 /usr/bin/cmake /home/piyush/robot_ws/src/description -DCMAKE_INSTALL_PREFIX=/home/piyush/robot_ws/install/description
[0.308s] -- Found ament_cmake: 1.3.8 (/opt/ros/humble/share/ament_cmake/cmake)
[1.103s] -- Override CMake install command with custom implementation using symlinks instead of copying resources
[1.465s] -- Found robot_state_publisher: 3.0.3 (/opt/ros/humble/share/robot_state_publisher/cmake)
[3.536s] -- Found rosidl_generator_c: 3.1.5 (/opt/ros/humble/share/rosidl_generator_c/cmake)
[3.603s] -- Found rosidl_adapter: 3.1.5 (/opt/ros/humble/share/rosidl_adapter/cmake)
[3.712s] -- Found rosidl_generator_cpp: 3.1.5 (/opt/ros/humble/share/rosidl_generator_cpp/cmake)
[3.949s] -- Using all available rosidl_typesupport_c: rosidl_typesupport_fastrtps_c;rosidl_typesupport_introspection_c
[4.123s] -- Using all available rosidl_typesupport_cpp: rosidl_typesupport_fastrtps_cpp;rosidl_typesupport_introspection_cpp
[4.945s] -- Found eigen3_cmake_module: 0.1.1 (/opt/ros/humble/share/eigen3_cmake_module/cmake)
[4.963s] -- Ensuring Eigen3 include directory is part of orocos-kdl CMake target
[5.760s] -- Found rmw_implementation_cmake: 6.1.1 (/opt/ros/humble/share/rmw_implementation_cmake/cmake)
[5.800s] -- Found rmw_cyclonedds_cpp: 1.3.4 (/opt/ros/humble/share/rmw_cyclonedds_cpp/cmake)
[6.189s] -- Using RMW implementation 'rmw_cyclonedds_cpp' as default
[9.937s] -- Found gazebo_ros: 3.7.0 (/opt/ros/humble/share/gazebo_ros/cmake)
[10.906s] -- Found DART: /usr/include (Required is at least version "6.6") found components: dart 
[11.761s] -- Found Protobuf: /usr/lib/x86_64-linux-gnu/libprotobuf.so (found version "3.12.4") 
[11.831s] -- Looking for ignition-math6 -- found version 6.15.1
[11.996s] -- Searching for dependencies of ignition-math6
[12.121s] -- Looking for OGRE...
[12.249s] -- Found Ogre Ghadamon (1.9.0)
[12.258s] -- Found OGRE: optimized;/usr/lib/x86_64-linux-gnu/libOgreMain.so;debug;/usr/lib/x86_64-linux-gnu/libOgreMain.so
[12.290s] -- Looking for OGRE_Paging...
[12.291s] -- Found OGRE_Paging: optimized;/usr/lib/x86_64-linux-gnu/libOgrePaging.so;debug;/usr/lib/x86_64-linux-gnu/libOgrePaging.so
[12.291s] -- Looking for OGRE_Terrain...
[12.291s] -- Found OGRE_Terrain: optimized;/usr/lib/x86_64-linux-gnu/libOgreTerrain.so;debug;/usr/lib/x86_64-linux-gnu/libOgreTerrain.so
[12.292s] -- Looking for OGRE_Property...
[12.292s] -- Found OGRE_Property: optimized;/usr/lib/x86_64-linux-gnu/libOgreProperty.so;debug;/usr/lib/x86_64-linux-gnu/libOgreProperty.so
[12.292s] -- Looking for OGRE_RTShaderSystem...
[12.292s] -- Found OGRE_RTShaderSystem: optimized;/usr/lib/x86_64-linux-gnu/libOgreRTShaderSystem.so;debug;/usr/lib/x86_64-linux-gnu/libOgreRTShaderSystem.so
[12.292s] -- Looking for OGRE_Volume...
[12.293s] -- Found OGRE_Volume: optimized;/usr/lib/x86_64-linux-gnu/libOgreVolume.so;debug;/usr/lib/x86_64-linux-gnu/libOgreVolume.so
[12.293s] -- Looking for OGRE_Overlay...
[12.293s] -- Found OGRE_Overlay: optimized;/usr/lib/x86_64-linux-gnu/libOgreOverlay.so;debug;/usr/lib/x86_64-linux-gnu/libOgreOverlay.so
[12.537s] -- Looking for ignition-math6 -- found version 6.15.1
[12.568s] -- Looking for ignition-transport8 -- found version 8.2.1
[12.569s] -- Searching for dependencies of ignition-transport8
[12.621s] -- Found Protobuf: /usr/lib/x86_64-linux-gnu/libprotobuf.so (found suitable version "3.12.4", minimum required is "3") 
[12.648s] -- Config-file not installed for ZeroMQ -- checking for pkg-config
[12.654s] -- Checking for module 'libzmq >= 4'
[13.445s] --   Found libzmq , version 4.3.4
[13.548s] -- Checking for module 'uuid'
[13.597s] --   Found uuid, version 2.37.2
[13.705s] -- Looking for ignition-msgs5 -- found version 5.8.1
[13.707s] -- Searching for dependencies of ignition-msgs5
[13.751s] -- Looking for ignition-math6 -- found version 6.15.1
[13.858s] -- Looking for ignition-msgs5 -- found version 5.8.1
[13.874s] -- Looking for ignition-common3 -- found version 3.14.0
[13.877s] -- Searching for dependencies of ignition-common3
[13.899s] -- Looking for dlfcn.h - found
[13.899s] -- Looking for libdl - found
[13.968s] -- Searching for <ignition-common3> component [graphics]
[13.970s] -- Looking for ignition-common3-graphics -- found version 3.14.0
[13.971s] -- Searching for dependencies of ignition-common3-graphics
[13.972s] -- Looking for ignition-math6 -- found version 6.15.1
[14.003s] -- Looking for ignition-fuel_tools4 -- found version 4.4.0
[14.004s] -- Searching for dependencies of ignition-fuel_tools4
[14.220s] -- Checking for module 'jsoncpp'
[14.307s] --   Found jsoncpp, version 1.9.5
[14.423s] -- Checking for module 'libzip'
[14.462s] --   Found libzip, version 1.7.3
[14.514s] -- Looking for ignition-common3 -- found version 3.14.0
[14.514s] -- Looking for ignition-math6 -- found version 6.15.1
[14.515s] -- Looking for ignition-msgs5 -- found version 5.8.1
[14.651s] -- Gazebo version: 11.10
[14.696s] -- Found ament_lint_auto: 0.12.10 (/opt/ros/humble/share/ament_lint_auto/cmake)
[15.238s] -- Added test 'flake8' to check Python code syntax and style conventions
[15.250s] -- Added test 'lint_cmake' to check CMake code style
[15.269s] -- Added test 'pep257' to check Python code against some of the docstring style conventions in PEP 257
[15.293s] -- Added test 'xmllint' to check XML markup files
[15.360s] -- Configuring done
[15.463s] -- Generating done
[15.467s] -- Build files have been written to: /home/piyush/robot_ws/build/description
[15.479s] Invoked command in '/home/piyush/robot_ws/build/description' returned '0': CMAKE_PREFIX_PATH=/home/piyush/ros2_ws/install/urdf_example:/home/piyush/ros2_ws/install/simple_pkg:/home/piyush/ros2_ws/install/py_srvcli:/home/piyush/ros2_ws/install/py_pubsub:/opt/ros/humble:/home/piyush/ros2_ws/install/rmp_ros2_bot_description:/home/piyush/ros2_ws/install/cpp_srvcli:/home/piyush/ros2_ws/install/assignment_1 /usr/bin/cmake /home/piyush/robot_ws/src/description -DCMAKE_INSTALL_PREFIX=/home/piyush/robot_ws/install/description
[15.482s] Invoking command in '/home/piyush/robot_ws/build/description': CMAKE_PREFIX_PATH=/home/piyush/ros2_ws/install/urdf_example:/home/piyush/ros2_ws/install/simple_pkg:/home/piyush/ros2_ws/install/py_srvcli:/home/piyush/ros2_ws/install/py_pubsub:/opt/ros/humble:/home/piyush/ros2_ws/install/rmp_ros2_bot_description:/home/piyush/ros2_ws/install/cpp_srvcli:/home/piyush/ros2_ws/install/assignment_1 /usr/bin/cmake --build /home/piyush/robot_ws/build/description -- -j4 -l4
[15.535s] Invoked command in '/home/piyush/robot_ws/build/description' returned '0': CMAKE_PREFIX_PATH=/home/piyush/ros2_ws/install/urdf_example:/home/piyush/ros2_ws/install/simple_pkg:/home/piyush/ros2_ws/install/py_srvcli:/home/piyush/ros2_ws/install/py_pubsub:/opt/ros/humble:/home/piyush/ros2_ws/install/rmp_ros2_bot_description:/home/piyush/ros2_ws/install/cpp_srvcli:/home/piyush/ros2_ws/install/assignment_1 /usr/bin/cmake --build /home/piyush/robot_ws/build/description -- -j4 -l4
[15.573s] Invoking command in '/home/piyush/robot_ws/build/description': CMAKE_PREFIX_PATH=/home/piyush/ros2_ws/install/urdf_example:/home/piyush/ros2_ws/install/simple_pkg:/home/piyush/ros2_ws/install/py_srvcli:/home/piyush/ros2_ws/install/py_pubsub:/opt/ros/humble:/home/piyush/ros2_ws/install/rmp_ros2_bot_description:/home/piyush/ros2_ws/install/cpp_srvcli:/home/piyush/ros2_ws/install/assignment_1 /usr/bin/cmake --install /home/piyush/robot_ws/build/description
[15.581s] -- Install configuration: ""
[15.582s] -- Execute custom install script
[15.582s] -- Up-to-date symlink: /home/piyush/robot_ws/install/description/share/description/config/simulation.rviz
[15.582s] -- Up-to-date symlink: /home/piyush/robot_ws/install/description/share/description/config/view_bot.rviz
[15.583s] -- Up-to-date symlink: /home/piyush/robot_ws/install/description/share/description/launch/abstract.launch.py
[15.583s] -- Up-to-date symlink: /home/piyush/robot_ws/install/description/share/description/launch/rsp.launch.py
[15.583s] -- Up-to-date symlink: /home/piyush/robot_ws/install/description/share/description/launch/sim.launch.py
[15.584s] -- Up-to-date symlink: /home/piyush/robot_ws/install/description/share/description/urdf/gazebo.xacro
[15.584s] -- Up-to-date symlink: /home/piyush/robot_ws/install/description/share/description/urdf/inertia_macros.xacro
[15.584s] -- Up-to-date symlink: /home/piyush/robot_ws/install/description/share/description/urdf/joints.urdf.xacro
[15.584s] -- Up-to-date symlink: /home/piyush/robot_ws/install/description/share/description/urdf/lidar.urdf.xacro
[15.584s] -- Up-to-date symlink: /home/piyush/robot_ws/install/description/share/description/urdf/links.urdf.xacro
[15.585s] -- Up-to-date symlink: /home/piyush/robot_ws/install/description/share/description/urdf/materials.urdf.xacro
[15.585s] -- Up-to-date symlink: /home/piyush/robot_ws/install/description/share/description/urdf/robot.urdf.xacro
[15.585s] -- Symlinking: /home/piyush/robot_ws/install/description/share/description/worlds/house.world
[15.596s] -- Up-to-date symlink: /home/piyush/robot_ws/install/description/share/ament_index/resource_index/package_run_dependencies/description
[15.596s] -- Up-to-date symlink: /home/piyush/robot_ws/install/description/share/ament_index/resource_index/parent_prefix_path/description
[15.596s] -- Up-to-date symlink: /home/piyush/robot_ws/install/description/share/description/environment/ament_prefix_path.sh
[15.597s] -- Up-to-date symlink: /home/piyush/robot_ws/install/description/share/description/environment/ament_prefix_path.dsv
[15.597s] -- Up-to-date symlink: /home/piyush/robot_ws/install/description/share/description/environment/path.sh
[15.597s] -- Up-to-date symlink: /home/piyush/robot_ws/install/description/share/description/environment/path.dsv
[15.597s] -- Up-to-date symlink: /home/piyush/robot_ws/install/description/share/description/local_setup.bash
[15.598s] -- Up-to-date symlink: /home/piyush/robot_ws/install/description/share/description/local_setup.sh
[15.598s] -- Up-to-date symlink: /home/piyush/robot_ws/install/description/share/description/local_setup.zsh
[15.598s] -- Up-to-date symlink: /home/piyush/robot_ws/install/description/share/description/local_setup.dsv
[15.599s] -- Symlinking: /home/piyush/robot_ws/install/description/share/description/package.dsv
[15.609s] -- Up-to-date symlink: /home/piyush/robot_ws/install/description/share/ament_index/resource_index/packages/description
[15.609s] -- Up-to-date symlink: /home/piyush/robot_ws/install/description/share/description/cmake/descriptionConfig.cmake
[15.610s] -- Up-to-date symlink: /home/piyush/robot_ws/install/description/share/description/cmake/descriptionConfig-version.cmake
[15.610s] -- Up-to-date symlink: /home/piyush/robot_ws/install/description/share/description/package.xml
[15.612s] Invoked command in '/home/piyush/robot_ws/build/description' returned '0': CMAKE_PREFIX_PATH=/home/piyush/ros2_ws/install/urdf_example:/home/piyush/ros2_ws/install/simple_pkg:/home/piyush/ros2_ws/install/py_srvcli:/home/piyush/ros2_ws/install/py_pubsub:/opt/ros/humble:/home/piyush/ros2_ws/install/rmp_ros2_bot_description:/home/piyush/ros2_ws/install/cpp_srvcli:/home/piyush/ros2_ws/install/assignment_1 /usr/bin/cmake --install /home/piyush/robot_ws/build/description
