[0.145s] DEBUG:colcon:Command line arguments: ['/usr/bin/colcon', 'build', '--packages-select', 'description', '--symlink-install']
[0.145s] DEBUG:colcon:Parsed command line arguments: Namespace(log_base=None, log_level=None, verb_name='build', build_base='build', install_base='install', merge_install=False, symlink_install=True, test_result_base=None, continue_on_error=False, executor='parallel', parallel_workers=4, event_handlers=None, ignore_user_meta=False, metas=['./colcon.meta'], base_paths=['.'], packages_ignore=None, packages_ignore_regex=None, paths=None, packages_up_to=None, packages_up_to_regex=None, packages_above=None, packages_above_and_dependencies=None, packages_above_depth=None, packages_select_by_dep=None, packages_skip_by_dep=None, packages_skip_up_to=None, packages_select_build_failed=False, packages_skip_build_finished=False, packages_select_test_failures=False, packages_skip_test_passed=False, packages_select=['description'], packages_skip=None, packages_select_regex=None, packages_skip_regex=None, packages_start=None, packages_end=None, allow_overriding=[], cmake_args=None, cmake_target=None, cmake_target_skip_unavailable=False, cmake_clean_cache=False, cmake_clean_first=False, cmake_force_configure=False, ament_cmake_args=None, catkin_cmake_args=None, catkin_skip_building_tests=False, mixin_files=None, mixin=None, verb_parser=<colcon_mixin.mixin.mixin_argument.MixinArgumentDecorator object at 0x75612a2bf130>, verb_extension=<colcon_core.verb.build.BuildVerb object at 0x75612a2be2c0>, main=<bound method BuildVerb.main of <colcon_core.verb.build.BuildVerb object at 0x75612a2be2c0>>, mixin_verb=('build',))
[0.405s] Level 1:colcon.colcon_core.package_discovery:discover_packages(colcon_meta) check parameters
[0.405s] Level 1:colcon.colcon_core.package_discovery:discover_packages(recursive) check parameters
[0.405s] Level 1:colcon.colcon_core.package_discovery:discover_packages(ignore) check parameters
[0.405s] Level 1:colcon.colcon_core.package_discovery:discover_packages(path) check parameters
[0.405s] Level 1:colcon.colcon_core.package_discovery:discover_packages(colcon_meta) discover
[0.405s] Level 1:colcon.colcon_core.package_discovery:discover_packages(recursive) discover
[0.405s] INFO:colcon.colcon_core.package_discovery:Crawling recursively for packages in '/home/piyush/robot_ws'
[0.405s] Level 1:colcon.colcon_core.package_identification:_identify(.) by extensions ['ignore', 'ignore_ament_install']
[0.406s] Level 1:colcon.colcon_core.package_identification:_identify(.) by extension 'ignore'
[0.406s] Level 1:colcon.colcon_core.package_identification:_identify(.) by extension 'ignore_ament_install'
[0.406s] Level 1:colcon.colcon_core.package_identification:_identify(.) by extensions ['colcon_pkg']
[0.406s] Level 1:colcon.colcon_core.package_identification:_identify(.) by extension 'colcon_pkg'
[0.406s] Level 1:colcon.colcon_core.package_identification:_identify(.) by extensions ['colcon_meta']
[0.406s] Level 1:colcon.colcon_core.package_identification:_identify(.) by extension 'colcon_meta'
[0.406s] Level 1:colcon.colcon_core.package_identification:_identify(.) by extensions ['ros']
[0.406s] Level 1:colcon.colcon_core.package_identification:_identify(.) by extension 'ros'
[0.420s] Level 1:colcon.colcon_core.package_identification:_identify(.) by extensions ['cmake', 'python']
[0.420s] Level 1:colcon.colcon_core.package_identification:_identify(.) by extension 'cmake'
[0.420s] Level 1:colcon.colcon_core.package_identification:_identify(.) by extension 'python'
[0.420s] Level 1:colcon.colcon_core.package_identification:_identify(.) by extensions ['python_setup_py']
[0.420s] Level 1:colcon.colcon_core.package_identification:_identify(.) by extension 'python_setup_py'
[0.420s] Level 1:colcon.colcon_core.package_identification:_identify(build) by extensions ['ignore', 'ignore_ament_install']
[0.420s] Level 1:colcon.colcon_core.package_identification:_identify(build) by extension 'ignore'
[0.420s] Level 1:colcon.colcon_core.package_identification:_identify(build) ignored
[0.421s] Level 1:colcon.colcon_core.package_identification:_identify(install) by extensions ['ignore', 'ignore_ament_install']
[0.421s] Level 1:colcon.colcon_core.package_identification:_identify(install) by extension 'ignore'
[0.421s] Level 1:colcon.colcon_core.package_identification:_identify(install) ignored
[0.421s] Level 1:colcon.colcon_core.package_identification:_identify(log) by extensions ['ignore', 'ignore_ament_install']
[0.421s] Level 1:colcon.colcon_core.package_identification:_identify(log) by extension 'ignore'
[0.421s] Level 1:colcon.colcon_core.package_identification:_identify(log) ignored
[0.421s] Level 1:colcon.colcon_core.package_identification:_identify(src) by extensions ['ignore', 'ignore_ament_install']
[0.421s] Level 1:colcon.colcon_core.package_identification:_identify(src) by extension 'ignore'
[0.421s] Level 1:colcon.colcon_core.package_identification:_identify(src) by extension 'ignore_ament_install'
[0.422s] Level 1:colcon.colcon_core.package_identification:_identify(src) by extensions ['colcon_pkg']
[0.422s] Level 1:colcon.colcon_core.package_identification:_identify(src) by extension 'colcon_pkg'
[0.422s] Level 1:colcon.colcon_core.package_identification:_identify(src) by extensions ['colcon_meta']
[0.422s] Level 1:colcon.colcon_core.package_identification:_identify(src) by extension 'colcon_meta'
[0.422s] Level 1:colcon.colcon_core.package_identification:_identify(src) by extensions ['ros']
[0.422s] Level 1:colcon.colcon_core.package_identification:_identify(src) by extension 'ros'
[0.422s] Level 1:colcon.colcon_core.package_identification:_identify(src) by extensions ['cmake', 'python']
[0.422s] Level 1:colcon.colcon_core.package_identification:_identify(src) by extension 'cmake'
[0.422s] Level 1:colcon.colcon_core.package_identification:_identify(src) by extension 'python'
[0.422s] Level 1:colcon.colcon_core.package_identification:_identify(src) by extensions ['python_setup_py']
[0.422s] Level 1:colcon.colcon_core.package_identification:_identify(src) by extension 'python_setup_py'
[0.422s] Level 1:colcon.colcon_core.package_identification:_identify(src/description) by extensions ['ignore', 'ignore_ament_install']
[0.422s] Level 1:colcon.colcon_core.package_identification:_identify(src/description) by extension 'ignore'
[0.422s] Level 1:colcon.colcon_core.package_identification:_identify(src/description) by extension 'ignore_ament_install'
[0.423s] Level 1:colcon.colcon_core.package_identification:_identify(src/description) by extensions ['colcon_pkg']
[0.423s] Level 1:colcon.colcon_core.package_identification:_identify(src/description) by extension 'colcon_pkg'
[0.423s] Level 1:colcon.colcon_core.package_identification:_identify(src/description) by extensions ['colcon_meta']
[0.423s] Level 1:colcon.colcon_core.package_identification:_identify(src/description) by extension 'colcon_meta'
[0.423s] Level 1:colcon.colcon_core.package_identification:_identify(src/description) by extensions ['ros']
[0.423s] Level 1:colcon.colcon_core.package_identification:_identify(src/description) by extension 'ros'
[0.435s] DEBUG:colcon.colcon_core.package_identification:Package 'src/description' with type 'ros.ament_cmake' and name 'description'
[0.435s] Level 1:colcon.colcon_core.package_discovery:discover_packages(recursive) using defaults
[0.436s] Level 1:colcon.colcon_core.package_discovery:discover_packages(ignore) discover
[0.436s] Level 1:colcon.colcon_core.package_discovery:discover_packages(ignore) using defaults
[0.436s] Level 1:colcon.colcon_core.package_discovery:discover_packages(path) discover
[0.436s] Level 1:colcon.colcon_core.package_discovery:discover_packages(path) using defaults
[0.460s] Level 1:colcon.colcon_core.package_discovery:discover_packages(prefix_path) check parameters
[0.460s] Level 1:colcon.colcon_core.package_discovery:discover_packages(prefix_path) discover
[0.463s] DEBUG:colcon.colcon_installed_package_information.package_discovery:Found 1 installed packages in /home/piyush/robot_ws/install
[0.463s] DEBUG:colcon.colcon_installed_package_information.package_discovery:Found 7 installed packages in /home/piyush/ros2_ws/install
[0.466s] DEBUG:colcon.colcon_installed_package_information.package_discovery:Found 392 installed packages in /opt/ros/humble
[0.468s] Level 1:colcon.colcon_core.package_discovery:discover_packages(prefix_path) using defaults
[0.532s] Level 5:colcon.colcon_core.verb:set package 'description' build argument 'cmake_args' from command line to 'None'
[0.532s] Level 5:colcon.colcon_core.verb:set package 'description' build argument 'cmake_target' from command line to 'None'
[0.533s] Level 5:colcon.colcon_core.verb:set package 'description' build argument 'cmake_target_skip_unavailable' from command line to 'False'
[0.533s] Level 5:colcon.colcon_core.verb:set package 'description' build argument 'cmake_clean_cache' from command line to 'False'
[0.533s] Level 5:colcon.colcon_core.verb:set package 'description' build argument 'cmake_clean_first' from command line to 'False'
[0.533s] Level 5:colcon.colcon_core.verb:set package 'description' build argument 'cmake_force_configure' from command line to 'False'
[0.533s] Level 5:colcon.colcon_core.verb:set package 'description' build argument 'ament_cmake_args' from command line to 'None'
[0.533s] Level 5:colcon.colcon_core.verb:set package 'description' build argument 'catkin_cmake_args' from command line to 'None'
[0.533s] Level 5:colcon.colcon_core.verb:set package 'description' build argument 'catkin_skip_building_tests' from command line to 'False'
[0.533s] DEBUG:colcon.colcon_core.verb:Building package 'description' with the following arguments: {'ament_cmake_args': None, 'build_base': '/home/piyush/robot_ws/build/description', 'catkin_cmake_args': None, 'catkin_skip_building_tests': False, 'cmake_args': None, 'cmake_clean_cache': False, 'cmake_clean_first': False, 'cmake_force_configure': False, 'cmake_target': None, 'cmake_target_skip_unavailable': False, 'install_base': '/home/piyush/robot_ws/install/description', 'merge_install': False, 'path': '/home/piyush/robot_ws/src/description', 'symlink_install': True, 'test_result_base': None}
[0.533s] INFO:colcon.colcon_core.executor:Executing jobs using 'parallel' executor
[0.534s] DEBUG:colcon.colcon_parallel_executor.executor.parallel:run_until_complete
[0.534s] INFO:colcon.colcon_ros.task.ament_cmake.build:Building ROS package in '/home/piyush/robot_ws/src/description' with build type 'ament_cmake'
[0.535s] INFO:colcon.colcon_cmake.task.cmake.build:Building CMake package in '/home/piyush/robot_ws/src/description'
[0.537s] INFO:colcon.colcon_core.plugin_system:Skipping extension 'colcon_core.shell.bat': Not used on non-Windows systems
[0.538s] INFO:colcon.colcon_core.shell:Skip shell extension 'powershell' for command environment: Not usable outside of PowerShell
[0.538s] DEBUG:colcon.colcon_core.shell:Skip shell extension 'dsv' for command environment
[0.550s] DEBUG:colcon.colcon_core.event_handler.log_command:Invoking command in '/home/piyush/robot_ws/build/description': CMAKE_PREFIX_PATH=/home/piyush/robot_ws/install/description:/home/piyush/ros2_ws/install/urdf_example:/home/piyush/ros2_ws/install/simple_pkg:/home/piyush/ros2_ws/install/py_srvcli:/home/piyush/ros2_ws/install/py_pubsub:/opt/ros/humble:/home/piyush/ros2_ws/install/rmp_ros2_bot_description:/home/piyush/ros2_ws/install/cpp_srvcli:/home/piyush/ros2_ws/install/assignment_1 /usr/bin/cmake --build /home/piyush/robot_ws/build/description -- -j4 -l4
[0.606s] DEBUG:colcon.colcon_core.event_handler.log_command:Invoked command in '/home/piyush/robot_ws/build/description' returned '0': CMAKE_PREFIX_PATH=/home/piyush/robot_ws/install/description:/home/piyush/ros2_ws/install/urdf_example:/home/piyush/ros2_ws/install/simple_pkg:/home/piyush/ros2_ws/install/py_srvcli:/home/piyush/ros2_ws/install/py_pubsub:/opt/ros/humble:/home/piyush/ros2_ws/install/rmp_ros2_bot_description:/home/piyush/ros2_ws/install/cpp_srvcli:/home/piyush/ros2_ws/install/assignment_1 /usr/bin/cmake --build /home/piyush/robot_ws/build/description -- -j4 -l4
[0.645s] DEBUG:colcon.colcon_core.event_handler.log_command:Invoking command in '/home/piyush/robot_ws/build/description': CMAKE_PREFIX_PATH=/home/piyush/robot_ws/install/description:/home/piyush/ros2_ws/install/urdf_example:/home/piyush/ros2_ws/install/simple_pkg:/home/piyush/ros2_ws/install/py_srvcli:/home/piyush/ros2_ws/install/py_pubsub:/opt/ros/humble:/home/piyush/ros2_ws/install/rmp_ros2_bot_description:/home/piyush/ros2_ws/install/cpp_srvcli:/home/piyush/ros2_ws/install/assignment_1 /usr/bin/cmake --install /home/piyush/robot_ws/build/description
[0.678s] Level 1:colcon.colcon_core.environment:create_environment_scripts_only(description)
[0.679s] DEBUG:colcon.colcon_core.event_handler.log_command:Invoked command in '/home/piyush/robot_ws/build/description' returned '0': CMAKE_PREFIX_PATH=/home/piyush/robot_ws/install/description:/home/piyush/ros2_ws/install/urdf_example:/home/piyush/ros2_ws/install/simple_pkg:/home/piyush/ros2_ws/install/py_srvcli:/home/piyush/ros2_ws/install/py_pubsub:/opt/ros/humble:/home/piyush/ros2_ws/install/rmp_ros2_bot_description:/home/piyush/ros2_ws/install/cpp_srvcli:/home/piyush/ros2_ws/install/assignment_1 /usr/bin/cmake --install /home/piyush/robot_ws/build/description
[0.682s] Level 1:colcon.colcon_core.environment:checking '/home/piyush/robot_ws/install/description' for CMake module files
[0.682s] Level 1:colcon.colcon_core.environment:checking '/home/piyush/robot_ws/install/description' for CMake config files
[0.683s] Level 1:colcon.colcon_core.shell:create_environment_hook('description', 'cmake_prefix_path')
[0.683s] INFO:colcon.colcon_core.shell:Creating environment hook '/home/piyush/robot_ws/install/description/share/description/hook/cmake_prefix_path.ps1'
[0.684s] INFO:colcon.colcon_core.shell:Creating environment descriptor '/home/piyush/robot_ws/install/description/share/description/hook/cmake_prefix_path.dsv'
[0.684s] INFO:colcon.colcon_core.shell:Creating environment hook '/home/piyush/robot_ws/install/description/share/description/hook/cmake_prefix_path.sh'
[0.686s] Level 1:colcon.colcon_core.environment:checking '/home/piyush/robot_ws/install/description/bin'
[0.686s] Level 1:colcon.colcon_core.environment:checking '/home/piyush/robot_ws/install/description/lib/pkgconfig/description.pc'
[0.686s] Level 1:colcon.colcon_core.environment:checking '/home/piyush/robot_ws/install/description/lib/python3.10/site-packages'
[0.686s] Level 1:colcon.colcon_core.environment:checking '/home/piyush/robot_ws/install/description/bin'
[0.687s] INFO:colcon.colcon_core.shell:Creating package script '/home/piyush/robot_ws/install/description/share/description/package.ps1'
[0.688s] INFO:colcon.colcon_core.shell:Creating package descriptor '/home/piyush/robot_ws/install/description/share/description/package.dsv'
[0.689s] INFO:colcon.colcon_core.shell:Creating package script '/home/piyush/robot_ws/install/description/share/description/package.sh'
[0.689s] INFO:colcon.colcon_core.shell:Creating package script '/home/piyush/robot_ws/install/description/share/description/package.bash'
[0.690s] INFO:colcon.colcon_core.shell:Creating package script '/home/piyush/robot_ws/install/description/share/description/package.zsh'
[0.691s] Level 1:colcon.colcon_core.environment:create_file_with_runtime_dependencies(/home/piyush/robot_ws/install/description/share/colcon-core/packages/description)
[0.719s] Level 1:colcon.colcon_core.environment:create_environment_scripts_only(description)
[0.719s] Level 1:colcon.colcon_core.environment:checking '/home/piyush/robot_ws/install/description' for CMake module files
[0.720s] Level 1:colcon.colcon_core.environment:checking '/home/piyush/robot_ws/install/description' for CMake config files
[0.721s] Level 1:colcon.colcon_core.shell:create_environment_hook('description', 'cmake_prefix_path')
[0.721s] INFO:colcon.colcon_core.shell:Creating environment hook '/home/piyush/robot_ws/install/description/share/description/hook/cmake_prefix_path.ps1'
[0.722s] INFO:colcon.colcon_core.shell:Creating environment descriptor '/home/piyush/robot_ws/install/description/share/description/hook/cmake_prefix_path.dsv'
[0.722s] INFO:colcon.colcon_core.shell:Creating environment hook '/home/piyush/robot_ws/install/description/share/description/hook/cmake_prefix_path.sh'
[0.723s] Level 1:colcon.colcon_core.environment:checking '/home/piyush/robot_ws/install/description/bin'
[0.723s] Level 1:colcon.colcon_core.environment:checking '/home/piyush/robot_ws/install/description/lib/pkgconfig/description.pc'
[0.723s] Level 1:colcon.colcon_core.environment:checking '/home/piyush/robot_ws/install/description/lib/python3.10/site-packages'
[0.723s] Level 1:colcon.colcon_core.environment:checking '/home/piyush/robot_ws/install/description/bin'
[0.724s] INFO:colcon.colcon_core.shell:Creating package script '/home/piyush/robot_ws/install/description/share/description/package.ps1'
[0.724s] INFO:colcon.colcon_core.shell:Creating package descriptor '/home/piyush/robot_ws/install/description/share/description/package.dsv'
[0.725s] INFO:colcon.colcon_core.shell:Creating package script '/home/piyush/robot_ws/install/description/share/description/package.sh'
[0.725s] INFO:colcon.colcon_core.shell:Creating package script '/home/piyush/robot_ws/install/description/share/description/package.bash'
[0.726s] INFO:colcon.colcon_core.shell:Creating package script '/home/piyush/robot_ws/install/description/share/description/package.zsh'
[0.726s] Level 1:colcon.colcon_core.environment:create_file_with_runtime_dependencies(/home/piyush/robot_ws/install/description/share/colcon-core/packages/description)
[0.727s] DEBUG:colcon.colcon_parallel_executor.executor.parallel:closing loop
[0.727s] DEBUG:colcon.colcon_parallel_executor.executor.parallel:loop closed
[0.727s] DEBUG:colcon.colcon_parallel_executor.executor.parallel:run_until_complete finished with '0'
[0.727s] DEBUG:colcon.colcon_core.event_reactor:joining thread
[0.734s] INFO:colcon.colcon_core.plugin_system:Skipping extension 'colcon_notification.desktop_notification.terminal_notifier': Not used on non-Darwin systems
[0.734s] INFO:colcon.colcon_core.plugin_system:Skipping extension 'colcon_notification.desktop_notification.win32': Not used on non-Windows systems
[0.734s] INFO:colcon.colcon_notification.desktop_notification:Sending desktop notification using 'notify2'
[0.747s] DEBUG:colcon.colcon_core.event_reactor:joined thread
[0.748s] INFO:colcon.colcon_core.shell:Creating prefix script '/home/piyush/robot_ws/install/local_setup.ps1'
[0.749s] INFO:colcon.colcon_core.shell:Creating prefix util module '/home/piyush/robot_ws/install/_local_setup_util_ps1.py'
[0.750s] INFO:colcon.colcon_core.shell:Creating prefix chain script '/home/piyush/robot_ws/install/setup.ps1'
[0.752s] INFO:colcon.colcon_core.shell:Creating prefix script '/home/piyush/robot_ws/install/local_setup.sh'
[0.753s] INFO:colcon.colcon_core.shell:Creating prefix util module '/home/piyush/robot_ws/install/_local_setup_util_sh.py'
[0.753s] INFO:colcon.colcon_core.shell:Creating prefix chain script '/home/piyush/robot_ws/install/setup.sh'
[0.755s] INFO:colcon.colcon_core.shell:Creating prefix script '/home/piyush/robot_ws/install/local_setup.bash'
[0.756s] INFO:colcon.colcon_core.shell:Creating prefix chain script '/home/piyush/robot_ws/install/setup.bash'
[0.759s] INFO:colcon.colcon_core.shell:Creating prefix script '/home/piyush/robot_ws/install/local_setup.zsh'
[0.759s] INFO:colcon.colcon_core.shell:Creating prefix chain script '/home/piyush/robot_ws/install/setup.zsh'
