[3.285s] DEBUG:colcon:Command line arguments: ['/usr/bin/colcon', 'build', '--packages-select', 'description', '--symlink-install']
[3.285s] DEBUG:colcon:Parsed command line arguments: Namespace(log_base=None, log_level=None, verb_name='build', build_base='build', install_base='install', merge_install=False, symlink_install=True, test_result_base=None, continue_on_error=False, executor='parallel', parallel_workers=4, event_handlers=None, ignore_user_meta=False, metas=['./colcon.meta'], base_paths=['.'], packages_ignore=None, packages_ignore_regex=None, paths=None, packages_up_to=None, packages_up_to_regex=None, packages_above=None, packages_above_and_dependencies=None, packages_above_depth=None, packages_select_by_dep=None, packages_skip_by_dep=None, packages_skip_up_to=None, packages_select_build_failed=False, packages_skip_build_finished=False, packages_select_test_failures=False, packages_skip_test_passed=False, packages_select=['description'], packages_skip=None, packages_select_regex=None, packages_skip_regex=None, packages_start=None, packages_end=None, allow_overriding=[], cmake_args=None, cmake_target=None, cmake_target_skip_unavailable=False, cmake_clean_cache=False, cmake_clean_first=False, cmake_force_configure=False, ament_cmake_args=None, catkin_cmake_args=None, catkin_skip_building_tests=False, mixin_files=None, mixin=None, verb_parser=<colcon_mixin.mixin.mixin_argument.MixinArgumentDecorator object at 0x73c902af7340>, verb_extension=<colcon_core.verb.build.BuildVerb object at 0x73c902af64d0>, main=<bound method BuildVerb.main of <colcon_core.verb.build.BuildVerb object at 0x73c902af64d0>>, mixin_verb=('build',))
[10.499s] Level 1:colcon.colcon_core.package_discovery:discover_packages(colcon_meta) check parameters
[10.500s] Level 1:colcon.colcon_core.package_discovery:discover_packages(recursive) check parameters
[10.500s] Level 1:colcon.colcon_core.package_discovery:discover_packages(ignore) check parameters
[10.500s] Level 1:colcon.colcon_core.package_discovery:discover_packages(path) check parameters
[10.500s] Level 1:colcon.colcon_core.package_discovery:discover_packages(colcon_meta) discover
[10.500s] Level 1:colcon.colcon_core.package_discovery:discover_packages(recursive) discover
[10.501s] INFO:colcon.colcon_core.package_discovery:Crawling recursively for packages in '/home/piyush/robot_ws'
[10.501s] Level 1:colcon.colcon_core.package_identification:_identify(.) by extensions ['ignore', 'ignore_ament_install']
[10.501s] Level 1:colcon.colcon_core.package_identification:_identify(.) by extension 'ignore'
[10.502s] Level 1:colcon.colcon_core.package_identification:_identify(.) by extension 'ignore_ament_install'
[10.502s] Level 1:colcon.colcon_core.package_identification:_identify(.) by extensions ['colcon_pkg']
[10.502s] Level 1:colcon.colcon_core.package_identification:_identify(.) by extension 'colcon_pkg'
[10.503s] Level 1:colcon.colcon_core.package_identification:_identify(.) by extensions ['colcon_meta']
[10.503s] Level 1:colcon.colcon_core.package_identification:_identify(.) by extension 'colcon_meta'
[10.503s] Level 1:colcon.colcon_core.package_identification:_identify(.) by extensions ['ros']
[10.503s] Level 1:colcon.colcon_core.package_identification:_identify(.) by extension 'ros'
[10.547s] Level 1:colcon.colcon_core.package_identification:_identify(.) by extensions ['cmake', 'python']
[10.547s] Level 1:colcon.colcon_core.package_identification:_identify(.) by extension 'cmake'
[10.548s] Level 1:colcon.colcon_core.package_identification:_identify(.) by extension 'python'
[10.548s] Level 1:colcon.colcon_core.package_identification:_identify(.) by extensions ['python_setup_py']
[10.548s] Level 1:colcon.colcon_core.package_identification:_identify(.) by extension 'python_setup_py'
[10.549s] Level 1:colcon.colcon_core.package_identification:_identify(build) by extensions ['ignore', 'ignore_ament_install']
[10.549s] Level 1:colcon.colcon_core.package_identification:_identify(build) by extension 'ignore'
[10.550s] Level 1:colcon.colcon_core.package_identification:_identify(build) ignored
[10.550s] Level 1:colcon.colcon_core.package_identification:_identify(install) by extensions ['ignore', 'ignore_ament_install']
[10.551s] Level 1:colcon.colcon_core.package_identification:_identify(install) by extension 'ignore'
[10.551s] Level 1:colcon.colcon_core.package_identification:_identify(install) ignored
[10.552s] Level 1:colcon.colcon_core.package_identification:_identify(log) by extensions ['ignore', 'ignore_ament_install']
[10.553s] Level 1:colcon.colcon_core.package_identification:_identify(log) by extension 'ignore'
[10.553s] Level 1:colcon.colcon_core.package_identification:_identify(log) ignored
[10.554s] Level 1:colcon.colcon_core.package_identification:_identify(src) by extensions ['ignore', 'ignore_ament_install']
[10.554s] Level 1:colcon.colcon_core.package_identification:_identify(src) by extension 'ignore'
[10.555s] Level 1:colcon.colcon_core.package_identification:_identify(src) by extension 'ignore_ament_install'
[10.555s] Level 1:colcon.colcon_core.package_identification:_identify(src) by extensions ['colcon_pkg']
[10.555s] Level 1:colcon.colcon_core.package_identification:_identify(src) by extension 'colcon_pkg'
[10.556s] Level 1:colcon.colcon_core.package_identification:_identify(src) by extensions ['colcon_meta']
[10.556s] Level 1:colcon.colcon_core.package_identification:_identify(src) by extension 'colcon_meta'
[10.556s] Level 1:colcon.colcon_core.package_identification:_identify(src) by extensions ['ros']
[10.556s] Level 1:colcon.colcon_core.package_identification:_identify(src) by extension 'ros'
[10.557s] Level 1:colcon.colcon_core.package_identification:_identify(src) by extensions ['cmake', 'python']
[10.557s] Level 1:colcon.colcon_core.package_identification:_identify(src) by extension 'cmake'
[10.557s] Level 1:colcon.colcon_core.package_identification:_identify(src) by extension 'python'
[10.557s] Level 1:colcon.colcon_core.package_identification:_identify(src) by extensions ['python_setup_py']
[10.557s] Level 1:colcon.colcon_core.package_identification:_identify(src) by extension 'python_setup_py'
[10.558s] Level 1:colcon.colcon_core.package_identification:_identify(src/description) by extensions ['ignore', 'ignore_ament_install']
[10.558s] Level 1:colcon.colcon_core.package_identification:_identify(src/description) by extension 'ignore'
[10.558s] Level 1:colcon.colcon_core.package_identification:_identify(src/description) by extension 'ignore_ament_install'
[10.558s] Level 1:colcon.colcon_core.package_identification:_identify(src/description) by extensions ['colcon_pkg']
[10.558s] Level 1:colcon.colcon_core.package_identification:_identify(src/description) by extension 'colcon_pkg'
[10.559s] Level 1:colcon.colcon_core.package_identification:_identify(src/description) by extensions ['colcon_meta']
[10.559s] Level 1:colcon.colcon_core.package_identification:_identify(src/description) by extension 'colcon_meta'
[10.559s] Level 1:colcon.colcon_core.package_identification:_identify(src/description) by extensions ['ros']
[10.559s] Level 1:colcon.colcon_core.package_identification:_identify(src/description) by extension 'ros'
[10.590s] DEBUG:colcon.colcon_core.package_identification:Package 'src/description' with type 'ros.ament_cmake' and name 'description'
[10.590s] Level 1:colcon.colcon_core.package_discovery:discover_packages(recursive) using defaults
[10.590s] Level 1:colcon.colcon_core.package_discovery:discover_packages(ignore) discover
[10.590s] Level 1:colcon.colcon_core.package_discovery:discover_packages(ignore) using defaults
[10.590s] Level 1:colcon.colcon_core.package_discovery:discover_packages(path) discover
[10.590s] Level 1:colcon.colcon_core.package_discovery:discover_packages(path) using defaults
[11.292s] Level 1:colcon.colcon_core.package_discovery:discover_packages(prefix_path) check parameters
[11.292s] Level 1:colcon.colcon_core.package_discovery:discover_packages(prefix_path) discover
[11.407s] DEBUG:colcon.colcon_installed_package_information.package_discovery:Found 7 installed packages in /home/piyush/ros2_ws/install
[11.413s] DEBUG:colcon.colcon_installed_package_information.package_discovery:Found 387 installed packages in /opt/ros/humble
[11.421s] Level 1:colcon.colcon_core.package_discovery:discover_packages(prefix_path) using defaults
[11.792s] Level 5:colcon.colcon_core.verb:set package 'description' build argument 'cmake_args' from command line to 'None'
[11.792s] Level 5:colcon.colcon_core.verb:set package 'description' build argument 'cmake_target' from command line to 'None'
[11.792s] Level 5:colcon.colcon_core.verb:set package 'description' build argument 'cmake_target_skip_unavailable' from command line to 'False'
[11.792s] Level 5:colcon.colcon_core.verb:set package 'description' build argument 'cmake_clean_cache' from command line to 'False'
[11.793s] Level 5:colcon.colcon_core.verb:set package 'description' build argument 'cmake_clean_first' from command line to 'False'
[11.793s] Level 5:colcon.colcon_core.verb:set package 'description' build argument 'cmake_force_configure' from command line to 'False'
[11.793s] Level 5:colcon.colcon_core.verb:set package 'description' build argument 'ament_cmake_args' from command line to 'None'
[11.793s] Level 5:colcon.colcon_core.verb:set package 'description' build argument 'catkin_cmake_args' from command line to 'None'
[11.793s] Level 5:colcon.colcon_core.verb:set package 'description' build argument 'catkin_skip_building_tests' from command line to 'False'
[11.793s] DEBUG:colcon.colcon_core.verb:Building package 'description' with the following arguments: {'ament_cmake_args': None, 'build_base': '/home/piyush/robot_ws/build/description', 'catkin_cmake_args': None, 'catkin_skip_building_tests': False, 'cmake_args': None, 'cmake_clean_cache': False, 'cmake_clean_first': False, 'cmake_force_configure': False, 'cmake_target': None, 'cmake_target_skip_unavailable': False, 'install_base': '/home/piyush/robot_ws/install/description', 'merge_install': False, 'path': '/home/piyush/robot_ws/src/description', 'symlink_install': True, 'test_result_base': None}
[11.794s] INFO:colcon.colcon_core.executor:Executing jobs using 'parallel' executor
[11.797s] DEBUG:colcon.colcon_parallel_executor.executor.parallel:run_until_complete
[11.799s] INFO:colcon.colcon_ros.task.ament_cmake.build:Building ROS package in '/home/piyush/robot_ws/src/description' with build type 'ament_cmake'
[11.800s] INFO:colcon.colcon_cmake.task.cmake.build:Building CMake package in '/home/piyush/robot_ws/src/description'
[12.306s] INFO:colcon.colcon_core.plugin_system:Skipping extension 'colcon_core.shell.bat': Not used on non-Windows systems
[12.308s] INFO:colcon.colcon_core.shell:Skip shell extension 'powershell' for command environment: Not usable outside of PowerShell
[12.311s] DEBUG:colcon.colcon_core.shell:Skip shell extension 'dsv' for command environment
[12.370s] DEBUG:colcon.colcon_core.event_handler.log_command:Invoking command in '/home/piyush/robot_ws/build/description': CMAKE_PREFIX_PATH=/home/piyush/ros2_ws/install/urdf_example:/home/piyush/ros2_ws/install/simple_pkg:/home/piyush/ros2_ws/install/py_srvcli:/home/piyush/ros2_ws/install/py_pubsub:/opt/ros/humble:/home/piyush/ros2_ws/install/rmp_ros2_bot_description:/home/piyush/ros2_ws/install/cpp_srvcli:/home/piyush/ros2_ws/install/assignment_1 /usr/bin/cmake /home/piyush/robot_ws/src/description -DAMENT_CMAKE_SYMLINK_INSTALL=1 -DCMAKE_INSTALL_PREFIX=/home/piyush/robot_ws/install/description
[35.258s] DEBUG:colcon.colcon_core.event_handler.log_command:Invoked command in '/home/piyush/robot_ws/build/description' returned '0': CMAKE_PREFIX_PATH=/home/piyush/ros2_ws/install/urdf_example:/home/piyush/ros2_ws/install/simple_pkg:/home/piyush/ros2_ws/install/py_srvcli:/home/piyush/ros2_ws/install/py_pubsub:/opt/ros/humble:/home/piyush/ros2_ws/install/rmp_ros2_bot_description:/home/piyush/ros2_ws/install/cpp_srvcli:/home/piyush/ros2_ws/install/assignment_1 /usr/bin/cmake /home/piyush/robot_ws/src/description -DAMENT_CMAKE_SYMLINK_INSTALL=1 -DCMAKE_INSTALL_PREFIX=/home/piyush/robot_ws/install/description
[35.264s] DEBUG:colcon.colcon_core.event_handler.log_command:Invoking command in '/home/piyush/robot_ws/build/description': CMAKE_PREFIX_PATH=/home/piyush/ros2_ws/install/urdf_example:/home/piyush/ros2_ws/install/simple_pkg:/home/piyush/ros2_ws/install/py_srvcli:/home/piyush/ros2_ws/install/py_pubsub:/opt/ros/humble:/home/piyush/ros2_ws/install/rmp_ros2_bot_description:/home/piyush/ros2_ws/install/cpp_srvcli:/home/piyush/ros2_ws/install/assignment_1 /usr/bin/cmake --build /home/piyush/robot_ws/build/description -- -j4 -l4
[35.395s] DEBUG:colcon.colcon_core.event_handler.log_command:Invoked command in '/home/piyush/robot_ws/build/description' returned '0': CMAKE_PREFIX_PATH=/home/piyush/ros2_ws/install/urdf_example:/home/piyush/ros2_ws/install/simple_pkg:/home/piyush/ros2_ws/install/py_srvcli:/home/piyush/ros2_ws/install/py_pubsub:/opt/ros/humble:/home/piyush/ros2_ws/install/rmp_ros2_bot_description:/home/piyush/ros2_ws/install/cpp_srvcli:/home/piyush/ros2_ws/install/assignment_1 /usr/bin/cmake --build /home/piyush/robot_ws/build/description -- -j4 -l4
[35.483s] DEBUG:colcon.colcon_core.event_handler.log_command:Invoking command in '/home/piyush/robot_ws/build/description': CMAKE_PREFIX_PATH=/home/piyush/ros2_ws/install/urdf_example:/home/piyush/ros2_ws/install/simple_pkg:/home/piyush/ros2_ws/install/py_srvcli:/home/piyush/ros2_ws/install/py_pubsub:/opt/ros/humble:/home/piyush/ros2_ws/install/rmp_ros2_bot_description:/home/piyush/ros2_ws/install/cpp_srvcli:/home/piyush/ros2_ws/install/assignment_1 /usr/bin/cmake --install /home/piyush/robot_ws/build/description
[35.580s] Level 1:colcon.colcon_core.environment:create_environment_scripts_only(description)
[35.581s] DEBUG:colcon.colcon_core.event_handler.log_command:Invoked command in '/home/piyush/robot_ws/build/description' returned '0': CMAKE_PREFIX_PATH=/home/piyush/ros2_ws/install/urdf_example:/home/piyush/ros2_ws/install/simple_pkg:/home/piyush/ros2_ws/install/py_srvcli:/home/piyush/ros2_ws/install/py_pubsub:/opt/ros/humble:/home/piyush/ros2_ws/install/rmp_ros2_bot_description:/home/piyush/ros2_ws/install/cpp_srvcli:/home/piyush/ros2_ws/install/assignment_1 /usr/bin/cmake --install /home/piyush/robot_ws/build/description
[35.939s] Level 1:colcon.colcon_core.environment:checking '/home/piyush/robot_ws/install/description' for CMake module files
[35.940s] Level 1:colcon.colcon_core.environment:checking '/home/piyush/robot_ws/install/description' for CMake config files
[35.942s] Level 1:colcon.colcon_core.shell:create_environment_hook('description', 'cmake_prefix_path')
[35.943s] INFO:colcon.colcon_core.shell:Creating environment hook '/home/piyush/robot_ws/install/description/share/description/hook/cmake_prefix_path.ps1'
[35.967s] INFO:colcon.colcon_core.shell:Creating environment descriptor '/home/piyush/robot_ws/install/description/share/description/hook/cmake_prefix_path.dsv'
[35.987s] INFO:colcon.colcon_core.shell:Creating environment hook '/home/piyush/robot_ws/install/description/share/description/hook/cmake_prefix_path.sh'
[36.003s] Level 1:colcon.colcon_core.environment:checking '/home/piyush/robot_ws/install/description/bin'
[36.003s] Level 1:colcon.colcon_core.environment:checking '/home/piyush/robot_ws/install/description/lib/pkgconfig/description.pc'
[36.004s] Level 1:colcon.colcon_core.environment:checking '/home/piyush/robot_ws/install/description/lib/python3.10/site-packages'
[36.005s] Level 1:colcon.colcon_core.environment:checking '/home/piyush/robot_ws/install/description/bin'
[36.006s] INFO:colcon.colcon_core.shell:Creating package script '/home/piyush/robot_ws/install/description/share/description/package.ps1'
[36.009s] INFO:colcon.colcon_core.shell:Creating package descriptor '/home/piyush/robot_ws/install/description/share/description/package.dsv'
[36.020s] INFO:colcon.colcon_core.shell:Creating package script '/home/piyush/robot_ws/install/description/share/description/package.sh'
[36.040s] INFO:colcon.colcon_core.shell:Creating package script '/home/piyush/robot_ws/install/description/share/description/package.bash'
[36.067s] INFO:colcon.colcon_core.shell:Creating package script '/home/piyush/robot_ws/install/description/share/description/package.zsh'
[36.081s] Level 1:colcon.colcon_core.environment:create_file_with_runtime_dependencies(/home/piyush/robot_ws/install/description/share/colcon-core/packages/description)
[36.139s] Level 1:colcon.colcon_core.environment:create_environment_scripts_only(description)
[36.139s] Level 1:colcon.colcon_core.environment:checking '/home/piyush/robot_ws/install/description' for CMake module files
[36.141s] Level 1:colcon.colcon_core.environment:checking '/home/piyush/robot_ws/install/description' for CMake config files
[36.142s] Level 1:colcon.colcon_core.shell:create_environment_hook('description', 'cmake_prefix_path')
[36.143s] INFO:colcon.colcon_core.shell:Creating environment hook '/home/piyush/robot_ws/install/description/share/description/hook/cmake_prefix_path.ps1'
[36.144s] INFO:colcon.colcon_core.shell:Creating environment descriptor '/home/piyush/robot_ws/install/description/share/description/hook/cmake_prefix_path.dsv'
[36.145s] INFO:colcon.colcon_core.shell:Creating environment hook '/home/piyush/robot_ws/install/description/share/description/hook/cmake_prefix_path.sh'
[36.146s] Level 1:colcon.colcon_core.environment:checking '/home/piyush/robot_ws/install/description/bin'
[36.147s] Level 1:colcon.colcon_core.environment:checking '/home/piyush/robot_ws/install/description/lib/pkgconfig/description.pc'
[36.147s] Level 1:colcon.colcon_core.environment:checking '/home/piyush/robot_ws/install/description/lib/python3.10/site-packages'
[36.148s] Level 1:colcon.colcon_core.environment:checking '/home/piyush/robot_ws/install/description/bin'
[36.149s] INFO:colcon.colcon_core.shell:Creating package script '/home/piyush/robot_ws/install/description/share/description/package.ps1'
[36.151s] INFO:colcon.colcon_core.shell:Creating package descriptor '/home/piyush/robot_ws/install/description/share/description/package.dsv'
[36.153s] INFO:colcon.colcon_core.shell:Creating package script '/home/piyush/robot_ws/install/description/share/description/package.sh'
[36.155s] INFO:colcon.colcon_core.shell:Creating package script '/home/piyush/robot_ws/install/description/share/description/package.bash'
[36.157s] INFO:colcon.colcon_core.shell:Creating package script '/home/piyush/robot_ws/install/description/share/description/package.zsh'
[36.158s] Level 1:colcon.colcon_core.environment:create_file_with_runtime_dependencies(/home/piyush/robot_ws/install/description/share/colcon-core/packages/description)
[36.160s] DEBUG:colcon.colcon_parallel_executor.executor.parallel:closing loop
[36.160s] DEBUG:colcon.colcon_parallel_executor.executor.parallel:loop closed
[36.160s] DEBUG:colcon.colcon_parallel_executor.executor.parallel:run_until_complete finished with '0'
[36.161s] DEBUG:colcon.colcon_core.event_reactor:joining thread
[36.216s] INFO:colcon.colcon_core.plugin_system:Skipping extension 'colcon_notification.desktop_notification.terminal_notifier': Not used on non-Darwin systems
[36.216s] INFO:colcon.colcon_core.plugin_system:Skipping extension 'colcon_notification.desktop_notification.win32': Not used on non-Windows systems
[36.216s] INFO:colcon.colcon_notification.desktop_notification:Sending desktop notification using 'notify2'
[36.251s] DEBUG:colcon.colcon_core.event_reactor:joined thread
[36.252s] INFO:colcon.colcon_core.shell:Creating prefix script '/home/piyush/robot_ws/install/local_setup.ps1'
[36.292s] INFO:colcon.colcon_core.shell:Creating prefix util module '/home/piyush/robot_ws/install/_local_setup_util_ps1.py'
[36.338s] INFO:colcon.colcon_core.shell:Creating prefix chain script '/home/piyush/robot_ws/install/setup.ps1'
[36.392s] INFO:colcon.colcon_core.shell:Creating prefix script '/home/piyush/robot_ws/install/local_setup.sh'
[36.424s] INFO:colcon.colcon_core.shell:Creating prefix util module '/home/piyush/robot_ws/install/_local_setup_util_sh.py'
[36.425s] INFO:colcon.colcon_core.shell:Creating prefix chain script '/home/piyush/robot_ws/install/setup.sh'
[36.437s] INFO:colcon.colcon_core.shell:Creating prefix script '/home/piyush/robot_ws/install/local_setup.bash'
[36.450s] INFO:colcon.colcon_core.shell:Creating prefix chain script '/home/piyush/robot_ws/install/setup.bash'
[36.460s] INFO:colcon.colcon_core.shell:Creating prefix script '/home/piyush/robot_ws/install/local_setup.zsh'
[36.468s] INFO:colcon.colcon_core.shell:Creating prefix chain script '/home/piyush/robot_ws/install/setup.zsh'
