[1.471s] DEBUG:colcon:Command line arguments: ['/usr/bin/colcon', 'build', '--packages-select', 'description']
[1.471s] DEBUG:colcon:Parsed command line arguments: Namespace(log_base=None, log_level=None, verb_name='build', build_base='build', install_base='install', merge_install=False, symlink_install=False, test_result_base=None, continue_on_error=False, executor='parallel', parallel_workers=4, event_handlers=None, ignore_user_meta=False, metas=['./colcon.meta'], base_paths=['.'], packages_ignore=None, packages_ignore_regex=None, paths=None, packages_up_to=None, packages_up_to_regex=None, packages_above=None, packages_above_and_dependencies=None, packages_above_depth=None, packages_select_by_dep=None, packages_skip_by_dep=None, packages_skip_up_to=None, packages_select_build_failed=False, packages_skip_build_finished=False, packages_select_test_failures=False, packages_skip_test_passed=False, packages_select=['description'], packages_skip=None, packages_select_regex=None, packages_skip_regex=None, packages_start=None, packages_end=None, allow_overriding=[], cmake_args=None, cmake_target=None, cmake_target_skip_unavailable=False, cmake_clean_cache=False, cmake_clean_first=False, cmake_force_configure=False, ament_cmake_args=None, catkin_cmake_args=None, catkin_skip_building_tests=False, mixin_files=None, mixin=None, verb_parser=<colcon_mixin.mixin.mixin_argument.MixinArgumentDecorator object at 0x7d0438f23100>, verb_extension=<colcon_core.verb.build.BuildVerb object at 0x7d0438f22290>, main=<bound method BuildVerb.main of <colcon_core.verb.build.BuildVerb object at 0x7d0438f22290>>, mixin_verb=('build',))
[8.131s] Level 1:colcon.colcon_core.package_discovery:discover_packages(colcon_meta) check parameters
[8.131s] Level 1:colcon.colcon_core.package_discovery:discover_packages(recursive) check parameters
[8.131s] Level 1:colcon.colcon_core.package_discovery:discover_packages(ignore) check parameters
[8.131s] Level 1:colcon.colcon_core.package_discovery:discover_packages(path) check parameters
[8.131s] Level 1:colcon.colcon_core.package_discovery:discover_packages(colcon_meta) discover
[8.131s] Level 1:colcon.colcon_core.package_discovery:discover_packages(recursive) discover
[8.131s] INFO:colcon.colcon_core.package_discovery:Crawling recursively for packages in '/home/piyush/robot_ws'
[8.132s] Level 1:colcon.colcon_core.package_identification:_identify(.) by extensions ['ignore', 'ignore_ament_install']
[8.132s] Level 1:colcon.colcon_core.package_identification:_identify(.) by extension 'ignore'
[8.132s] Level 1:colcon.colcon_core.package_identification:_identify(.) by extension 'ignore_ament_install'
[8.132s] Level 1:colcon.colcon_core.package_identification:_identify(.) by extensions ['colcon_pkg']
[8.132s] Level 1:colcon.colcon_core.package_identification:_identify(.) by extension 'colcon_pkg'
[8.132s] Level 1:colcon.colcon_core.package_identification:_identify(.) by extensions ['colcon_meta']
[8.132s] Level 1:colcon.colcon_core.package_identification:_identify(.) by extension 'colcon_meta'
[8.132s] Level 1:colcon.colcon_core.package_identification:_identify(.) by extensions ['ros']
[8.132s] Level 1:colcon.colcon_core.package_identification:_identify(.) by extension 'ros'
[8.148s] Level 1:colcon.colcon_core.package_identification:_identify(.) by extensions ['cmake', 'python']
[8.148s] Level 1:colcon.colcon_core.package_identification:_identify(.) by extension 'cmake'
[8.148s] Level 1:colcon.colcon_core.package_identification:_identify(.) by extension 'python'
[8.148s] Level 1:colcon.colcon_core.package_identification:_identify(.) by extensions ['python_setup_py']
[8.149s] Level 1:colcon.colcon_core.package_identification:_identify(.) by extension 'python_setup_py'
[8.149s] Level 1:colcon.colcon_core.package_identification:_identify(build) by extensions ['ignore', 'ignore_ament_install']
[8.149s] Level 1:colcon.colcon_core.package_identification:_identify(build) by extension 'ignore'
[8.149s] Level 1:colcon.colcon_core.package_identification:_identify(build) ignored
[8.149s] Level 1:colcon.colcon_core.package_identification:_identify(install) by extensions ['ignore', 'ignore_ament_install']
[8.149s] Level 1:colcon.colcon_core.package_identification:_identify(install) by extension 'ignore'
[8.149s] Level 1:colcon.colcon_core.package_identification:_identify(install) ignored
[8.150s] Level 1:colcon.colcon_core.package_identification:_identify(log) by extensions ['ignore', 'ignore_ament_install']
[8.150s] Level 1:colcon.colcon_core.package_identification:_identify(log) by extension 'ignore'
[8.150s] Level 1:colcon.colcon_core.package_identification:_identify(log) ignored
[8.150s] Level 1:colcon.colcon_core.package_identification:_identify(src) by extensions ['ignore', 'ignore_ament_install']
[8.150s] Level 1:colcon.colcon_core.package_identification:_identify(src) by extension 'ignore'
[8.150s] Level 1:colcon.colcon_core.package_identification:_identify(src) by extension 'ignore_ament_install'
[8.150s] Level 1:colcon.colcon_core.package_identification:_identify(src) by extensions ['colcon_pkg']
[8.150s] Level 1:colcon.colcon_core.package_identification:_identify(src) by extension 'colcon_pkg'
[8.150s] Level 1:colcon.colcon_core.package_identification:_identify(src) by extensions ['colcon_meta']
[8.150s] Level 1:colcon.colcon_core.package_identification:_identify(src) by extension 'colcon_meta'
[8.150s] Level 1:colcon.colcon_core.package_identification:_identify(src) by extensions ['ros']
[8.151s] Level 1:colcon.colcon_core.package_identification:_identify(src) by extension 'ros'
[8.151s] Level 1:colcon.colcon_core.package_identification:_identify(src) by extensions ['cmake', 'python']
[8.151s] Level 1:colcon.colcon_core.package_identification:_identify(src) by extension 'cmake'
[8.151s] Level 1:colcon.colcon_core.package_identification:_identify(src) by extension 'python'
[8.151s] Level 1:colcon.colcon_core.package_identification:_identify(src) by extensions ['python_setup_py']
[8.151s] Level 1:colcon.colcon_core.package_identification:_identify(src) by extension 'python_setup_py'
[8.151s] Level 1:colcon.colcon_core.package_identification:_identify(src/description) by extensions ['ignore', 'ignore_ament_install']
[8.151s] Level 1:colcon.colcon_core.package_identification:_identify(src/description) by extension 'ignore'
[8.151s] Level 1:colcon.colcon_core.package_identification:_identify(src/description) by extension 'ignore_ament_install'
[8.151s] Level 1:colcon.colcon_core.package_identification:_identify(src/description) by extensions ['colcon_pkg']
[8.151s] Level 1:colcon.colcon_core.package_identification:_identify(src/description) by extension 'colcon_pkg'
[8.152s] Level 1:colcon.colcon_core.package_identification:_identify(src/description) by extensions ['colcon_meta']
[8.152s] Level 1:colcon.colcon_core.package_identification:_identify(src/description) by extension 'colcon_meta'
[8.152s] Level 1:colcon.colcon_core.package_identification:_identify(src/description) by extensions ['ros']
[8.152s] Level 1:colcon.colcon_core.package_identification:_identify(src/description) by extension 'ros'
[8.165s] DEBUG:colcon.colcon_core.package_identification:Package 'src/description' with type 'ros.ament_cmake' and name 'description'
[8.165s] Level 1:colcon.colcon_core.package_discovery:discover_packages(recursive) using defaults
[8.166s] Level 1:colcon.colcon_core.package_discovery:discover_packages(ignore) discover
[8.166s] Level 1:colcon.colcon_core.package_discovery:discover_packages(ignore) using defaults
[8.166s] Level 1:colcon.colcon_core.package_discovery:discover_packages(path) discover
[8.166s] Level 1:colcon.colcon_core.package_discovery:discover_packages(path) using defaults
[8.503s] Level 1:colcon.colcon_core.package_discovery:discover_packages(prefix_path) check parameters
[8.503s] Level 1:colcon.colcon_core.package_discovery:discover_packages(prefix_path) discover
[8.596s] DEBUG:colcon.colcon_installed_package_information.package_discovery:Found 1 installed packages in /home/piyush/robot_ws/install
[8.599s] DEBUG:colcon.colcon_installed_package_information.package_discovery:Found 7 installed packages in /home/piyush/ros2_ws/install
[8.607s] DEBUG:colcon.colcon_installed_package_information.package_discovery:Found 387 installed packages in /opt/ros/humble
[8.613s] Level 1:colcon.colcon_core.package_discovery:discover_packages(prefix_path) using defaults
[8.916s] Level 5:colcon.colcon_core.verb:set package 'description' build argument 'cmake_args' from command line to 'None'
[8.916s] Level 5:colcon.colcon_core.verb:set package 'description' build argument 'cmake_target' from command line to 'None'
[8.916s] Level 5:colcon.colcon_core.verb:set package 'description' build argument 'cmake_target_skip_unavailable' from command line to 'False'
[8.916s] Level 5:colcon.colcon_core.verb:set package 'description' build argument 'cmake_clean_cache' from command line to 'False'
[8.916s] Level 5:colcon.colcon_core.verb:set package 'description' build argument 'cmake_clean_first' from command line to 'False'
[8.916s] Level 5:colcon.colcon_core.verb:set package 'description' build argument 'cmake_force_configure' from command line to 'False'
[8.916s] Level 5:colcon.colcon_core.verb:set package 'description' build argument 'ament_cmake_args' from command line to 'None'
[8.916s] Level 5:colcon.colcon_core.verb:set package 'description' build argument 'catkin_cmake_args' from command line to 'None'
[8.916s] Level 5:colcon.colcon_core.verb:set package 'description' build argument 'catkin_skip_building_tests' from command line to 'False'
[8.916s] DEBUG:colcon.colcon_core.verb:Building package 'description' with the following arguments: {'ament_cmake_args': None, 'build_base': '/home/piyush/robot_ws/build/description', 'catkin_cmake_args': None, 'catkin_skip_building_tests': False, 'cmake_args': None, 'cmake_clean_cache': False, 'cmake_clean_first': False, 'cmake_force_configure': False, 'cmake_target': None, 'cmake_target_skip_unavailable': False, 'install_base': '/home/piyush/robot_ws/install/description', 'merge_install': False, 'path': '/home/piyush/robot_ws/src/description', 'symlink_install': False, 'test_result_base': None}
[8.916s] INFO:colcon.colcon_core.executor:Executing jobs using 'parallel' executor
[8.918s] DEBUG:colcon.colcon_parallel_executor.executor.parallel:run_until_complete
[8.918s] INFO:colcon.colcon_ros.task.ament_cmake.build:Building ROS package in '/home/piyush/robot_ws/src/description' with build type 'ament_cmake'
[8.918s] INFO:colcon.colcon_cmake.task.cmake.build:Building CMake package in '/home/piyush/robot_ws/src/description'
[9.063s] INFO:colcon.colcon_core.plugin_system:Skipping extension 'colcon_core.shell.bat': Not used on non-Windows systems
[9.063s] INFO:colcon.colcon_core.shell:Skip shell extension 'powershell' for command environment: Not usable outside of PowerShell
[9.064s] DEBUG:colcon.colcon_core.shell:Skip shell extension 'dsv' for command environment
[9.155s] DEBUG:colcon.colcon_core.event_handler.log_command:Invoking command in '/home/piyush/robot_ws/build/description': CMAKE_PREFIX_PATH=/home/piyush/robot_ws/install/description:/home/piyush/ros2_ws/install/urdf_example:/home/piyush/ros2_ws/install/simple_pkg:/home/piyush/ros2_ws/install/py_srvcli:/home/piyush/ros2_ws/install/py_pubsub:/opt/ros/humble:/home/piyush/ros2_ws/install/rmp_ros2_bot_description:/home/piyush/ros2_ws/install/cpp_srvcli:/home/piyush/ros2_ws/install/assignment_1 /usr/bin/cmake /home/piyush/robot_ws/src/description -DCMAKE_INSTALL_PREFIX=/home/piyush/robot_ws/install/description
[12.041s] DEBUG:colcon.colcon_core.event_handler.log_command:Invoked command in '/home/piyush/robot_ws/build/description' returned '0': CMAKE_PREFIX_PATH=/home/piyush/robot_ws/install/description:/home/piyush/ros2_ws/install/urdf_example:/home/piyush/ros2_ws/install/simple_pkg:/home/piyush/ros2_ws/install/py_srvcli:/home/piyush/ros2_ws/install/py_pubsub:/opt/ros/humble:/home/piyush/ros2_ws/install/rmp_ros2_bot_description:/home/piyush/ros2_ws/install/cpp_srvcli:/home/piyush/ros2_ws/install/assignment_1 /usr/bin/cmake /home/piyush/robot_ws/src/description -DCMAKE_INSTALL_PREFIX=/home/piyush/robot_ws/install/description
[12.045s] DEBUG:colcon.colcon_core.event_handler.log_command:Invoking command in '/home/piyush/robot_ws/build/description': CMAKE_PREFIX_PATH=/home/piyush/robot_ws/install/description:/home/piyush/ros2_ws/install/urdf_example:/home/piyush/ros2_ws/install/simple_pkg:/home/piyush/ros2_ws/install/py_srvcli:/home/piyush/ros2_ws/install/py_pubsub:/opt/ros/humble:/home/piyush/ros2_ws/install/rmp_ros2_bot_description:/home/piyush/ros2_ws/install/cpp_srvcli:/home/piyush/ros2_ws/install/assignment_1 /usr/bin/cmake --build /home/piyush/robot_ws/build/description -- -j4 -l4
[12.099s] DEBUG:colcon.colcon_core.event_handler.log_command:Invoked command in '/home/piyush/robot_ws/build/description' returned '0': CMAKE_PREFIX_PATH=/home/piyush/robot_ws/install/description:/home/piyush/ros2_ws/install/urdf_example:/home/piyush/ros2_ws/install/simple_pkg:/home/piyush/ros2_ws/install/py_srvcli:/home/piyush/ros2_ws/install/py_pubsub:/opt/ros/humble:/home/piyush/ros2_ws/install/rmp_ros2_bot_description:/home/piyush/ros2_ws/install/cpp_srvcli:/home/piyush/ros2_ws/install/assignment_1 /usr/bin/cmake --build /home/piyush/robot_ws/build/description -- -j4 -l4
[12.138s] DEBUG:colcon.colcon_core.event_handler.log_command:Invoking command in '/home/piyush/robot_ws/build/description': CMAKE_PREFIX_PATH=/home/piyush/robot_ws/install/description:/home/piyush/ros2_ws/install/urdf_example:/home/piyush/ros2_ws/install/simple_pkg:/home/piyush/ros2_ws/install/py_srvcli:/home/piyush/ros2_ws/install/py_pubsub:/opt/ros/humble:/home/piyush/ros2_ws/install/rmp_ros2_bot_description:/home/piyush/ros2_ws/install/cpp_srvcli:/home/piyush/ros2_ws/install/assignment_1 /usr/bin/cmake --install /home/piyush/robot_ws/build/description
[12.185s] Level 1:colcon.colcon_core.environment:create_environment_scripts_only(description)
[12.186s] DEBUG:colcon.colcon_core.event_handler.log_command:Invoked command in '/home/piyush/robot_ws/build/description' returned '0': CMAKE_PREFIX_PATH=/home/piyush/robot_ws/install/description:/home/piyush/ros2_ws/install/urdf_example:/home/piyush/ros2_ws/install/simple_pkg:/home/piyush/ros2_ws/install/py_srvcli:/home/piyush/ros2_ws/install/py_pubsub:/opt/ros/humble:/home/piyush/ros2_ws/install/rmp_ros2_bot_description:/home/piyush/ros2_ws/install/cpp_srvcli:/home/piyush/ros2_ws/install/assignment_1 /usr/bin/cmake --install /home/piyush/robot_ws/build/description
[12.309s] Level 1:colcon.colcon_core.environment:checking '/home/piyush/robot_ws/install/description' for CMake module files
[12.312s] Level 1:colcon.colcon_core.environment:checking '/home/piyush/robot_ws/install/description' for CMake config files
[12.313s] Level 1:colcon.colcon_core.shell:create_environment_hook('description', 'cmake_prefix_path')
[12.313s] INFO:colcon.colcon_core.shell:Creating environment hook '/home/piyush/robot_ws/install/description/share/description/hook/cmake_prefix_path.ps1'
[12.321s] INFO:colcon.colcon_core.shell:Creating environment descriptor '/home/piyush/robot_ws/install/description/share/description/hook/cmake_prefix_path.dsv'
[12.341s] INFO:colcon.colcon_core.shell:Creating environment hook '/home/piyush/robot_ws/install/description/share/description/hook/cmake_prefix_path.sh'
[12.360s] Level 1:colcon.colcon_core.environment:checking '/home/piyush/robot_ws/install/description/bin'
[12.360s] Level 1:colcon.colcon_core.environment:checking '/home/piyush/robot_ws/install/description/lib/pkgconfig/description.pc'
[12.361s] Level 1:colcon.colcon_core.environment:checking '/home/piyush/robot_ws/install/description/lib/python3.10/site-packages'
[12.363s] Level 1:colcon.colcon_core.environment:checking '/home/piyush/robot_ws/install/description/bin'
[12.364s] INFO:colcon.colcon_core.shell:Creating package script '/home/piyush/robot_ws/install/description/share/description/package.ps1'
[12.367s] INFO:colcon.colcon_core.shell:Creating package descriptor '/home/piyush/robot_ws/install/description/share/description/package.dsv'
[12.385s] INFO:colcon.colcon_core.shell:Creating package script '/home/piyush/robot_ws/install/description/share/description/package.sh'
[12.406s] INFO:colcon.colcon_core.shell:Creating package script '/home/piyush/robot_ws/install/description/share/description/package.bash'
[12.422s] INFO:colcon.colcon_core.shell:Creating package script '/home/piyush/robot_ws/install/description/share/description/package.zsh'
[12.425s] Level 1:colcon.colcon_core.environment:create_file_with_runtime_dependencies(/home/piyush/robot_ws/install/description/share/colcon-core/packages/description)
[12.480s] Level 1:colcon.colcon_core.environment:create_environment_scripts_only(description)
[12.480s] Level 1:colcon.colcon_core.environment:checking '/home/piyush/robot_ws/install/description' for CMake module files
[12.481s] Level 1:colcon.colcon_core.environment:checking '/home/piyush/robot_ws/install/description' for CMake config files
[12.482s] Level 1:colcon.colcon_core.shell:create_environment_hook('description', 'cmake_prefix_path')
[12.482s] INFO:colcon.colcon_core.shell:Creating environment hook '/home/piyush/robot_ws/install/description/share/description/hook/cmake_prefix_path.ps1'
[12.483s] INFO:colcon.colcon_core.shell:Creating environment descriptor '/home/piyush/robot_ws/install/description/share/description/hook/cmake_prefix_path.dsv'
[12.484s] INFO:colcon.colcon_core.shell:Creating environment hook '/home/piyush/robot_ws/install/description/share/description/hook/cmake_prefix_path.sh'
[12.485s] Level 1:colcon.colcon_core.environment:checking '/home/piyush/robot_ws/install/description/bin'
[12.485s] Level 1:colcon.colcon_core.environment:checking '/home/piyush/robot_ws/install/description/lib/pkgconfig/description.pc'
[12.486s] Level 1:colcon.colcon_core.environment:checking '/home/piyush/robot_ws/install/description/lib/python3.10/site-packages'
[12.486s] Level 1:colcon.colcon_core.environment:checking '/home/piyush/robot_ws/install/description/bin'
[12.487s] INFO:colcon.colcon_core.shell:Creating package script '/home/piyush/robot_ws/install/description/share/description/package.ps1'
[12.487s] INFO:colcon.colcon_core.shell:Creating package descriptor '/home/piyush/robot_ws/install/description/share/description/package.dsv'
[12.488s] INFO:colcon.colcon_core.shell:Creating package script '/home/piyush/robot_ws/install/description/share/description/package.sh'
[12.489s] INFO:colcon.colcon_core.shell:Creating package script '/home/piyush/robot_ws/install/description/share/description/package.bash'
[12.489s] INFO:colcon.colcon_core.shell:Creating package script '/home/piyush/robot_ws/install/description/share/description/package.zsh'
[12.490s] Level 1:colcon.colcon_core.environment:create_file_with_runtime_dependencies(/home/piyush/robot_ws/install/description/share/colcon-core/packages/description)
[12.490s] DEBUG:colcon.colcon_parallel_executor.executor.parallel:closing loop
[12.491s] DEBUG:colcon.colcon_parallel_executor.executor.parallel:loop closed
[12.491s] DEBUG:colcon.colcon_parallel_executor.executor.parallel:run_until_complete finished with '0'
[12.491s] DEBUG:colcon.colcon_core.event_reactor:joining thread
[12.547s] INFO:colcon.colcon_core.plugin_system:Skipping extension 'colcon_notification.desktop_notification.terminal_notifier': Not used on non-Darwin systems
[12.547s] INFO:colcon.colcon_core.plugin_system:Skipping extension 'colcon_notification.desktop_notification.win32': Not used on non-Windows systems
[12.547s] INFO:colcon.colcon_notification.desktop_notification:Sending desktop notification using 'notify2'
[12.577s] DEBUG:colcon.colcon_core.event_reactor:joined thread
[12.578s] INFO:colcon.colcon_core.shell:Creating prefix script '/home/piyush/robot_ws/install/local_setup.ps1'
[12.611s] INFO:colcon.colcon_core.shell:Creating prefix util module '/home/piyush/robot_ws/install/_local_setup_util_ps1.py'
[12.645s] INFO:colcon.colcon_core.shell:Creating prefix chain script '/home/piyush/robot_ws/install/setup.ps1'
[12.669s] INFO:colcon.colcon_core.shell:Creating prefix script '/home/piyush/robot_ws/install/local_setup.sh'
[12.690s] INFO:colcon.colcon_core.shell:Creating prefix util module '/home/piyush/robot_ws/install/_local_setup_util_sh.py'
[12.692s] INFO:colcon.colcon_core.shell:Creating prefix chain script '/home/piyush/robot_ws/install/setup.sh'
[12.704s] INFO:colcon.colcon_core.shell:Creating prefix script '/home/piyush/robot_ws/install/local_setup.bash'
[12.715s] INFO:colcon.colcon_core.shell:Creating prefix chain script '/home/piyush/robot_ws/install/setup.bash'
[12.726s] INFO:colcon.colcon_core.shell:Creating prefix script '/home/piyush/robot_ws/install/local_setup.zsh'
[12.744s] INFO:colcon.colcon_core.shell:Creating prefix chain script '/home/piyush/robot_ws/install/setup.zsh'
