[0.028s] Invoking command in '/home/piyush/robot_ws/build/description': CMAKE_PREFIX_PATH=/home/piyush/robot_ws/install/description:/home/piyush/ros2_ws/install/urdf_example:/home/piyush/ros2_ws/install/simple_pkg:/home/piyush/ros2_ws/install/py_srvcli:/home/piyush/ros2_ws/install/py_pubsub:/opt/ros/humble:/home/piyush/ros2_ws/install/rmp_ros2_bot_description:/home/piyush/ros2_ws/install/cpp_srvcli:/home/piyush/ros2_ws/install/assignment_1 /usr/bin/cmake /home/piyush/robot_ws/src/description -DAMENT_CMAKE_SYMLINK_INSTALL=1 -DCMAKE_INSTALL_PREFIX=/home/piyush/robot_ws/install/description
[0.061s] -- Found ament_cmake: 1.3.8 (/opt/ros/humble/share/ament_cmake/cmake)
[0.376s] -- Override CMake install command with custom implementation using symlinks instead of copying resources
[0.402s] -- Found robot_state_publisher: 3.0.3 (/opt/ros/humble/share/robot_state_publisher/cmake)
[0.482s] -- Found rosidl_generator_c: 3.1.5 (/opt/ros/humble/share/rosidl_generator_c/cmake)
[0.487s] -- Found rosidl_adapter: 3.1.5 (/opt/ros/humble/share/rosidl_adapter/cmake)
[0.500s] -- Found rosidl_generator_cpp: 3.1.5 (/opt/ros/humble/share/rosidl_generator_cpp/cmake)
[0.532s] -- Using all available rosidl_typesupport_c: rosidl_typesupport_fastrtps_c;rosidl_typesupport_introspection_c
[0.571s] -- Using all available rosidl_typesupport_cpp: rosidl_typesupport_fastrtps_cpp;rosidl_typesupport_introspection_cpp
[0.850s] -- Found eigen3_cmake_module: 0.1.1 (/opt/ros/humble/share/eigen3_cmake_module/cmake)
[0.855s] -- Ensuring Eigen3 include directory is part of orocos-kdl CMake target
[0.948s] -- Found rmw_implementation_cmake: 6.1.1 (/opt/ros/humble/share/rmw_implementation_cmake/cmake)
[0.951s] -- Found rmw_cyclonedds_cpp: 1.3.4 (/opt/ros/humble/share/rmw_cyclonedds_cpp/cmake)
[1.007s] -- Using RMW implementation 'rmw_cyclonedds_cpp' as default
[2.372s] -- Found gazebo_ros: 3.7.0 (/opt/ros/humble/share/gazebo_ros/cmake)
[2.454s] -- Found DART: /usr/include (Required is at least version "6.6") found components: dart 
[2.520s] -- Found Protobuf: /usr/lib/x86_64-linux-gnu/libprotobuf.so (found version "3.12.4") 
[2.524s] -- Looking for ignition-math6 -- found version 6.15.1
[2.532s] -- Searching for dependencies of ignition-math6
[2.536s] -- Looking for OGRE...
[2.545s] -- Found Ogre Ghadamon (1.9.0)
[2.546s] -- Found OGRE: optimized;/usr/lib/x86_64-linux-gnu/libOgreMain.so;debug;/usr/lib/x86_64-linux-gnu/libOgreMain.so
[2.561s] -- Looking for OGRE_Paging...
[2.562s] -- Found OGRE_Paging: optimized;/usr/lib/x86_64-linux-gnu/libOgrePaging.so;debug;/usr/lib/x86_64-linux-gnu/libOgrePaging.so
[2.562s] -- Looking for OGRE_Terrain...
[2.562s] -- Found OGRE_Terrain: optimized;/usr/lib/x86_64-linux-gnu/libOgreTerrain.so;debug;/usr/lib/x86_64-linux-gnu/libOgreTerrain.so
[2.564s] -- Looking for OGRE_Property...
[2.564s] -- Found OGRE_Property: optimized;/usr/lib/x86_64-linux-gnu/libOgreProperty.so;debug;/usr/lib/x86_64-linux-gnu/libOgreProperty.so
[2.565s] -- Looking for OGRE_RTShaderSystem...
[2.565s] -- Found OGRE_RTShaderSystem: optimized;/usr/lib/x86_64-linux-gnu/libOgreRTShaderSystem.so;debug;/usr/lib/x86_64-linux-gnu/libOgreRTShaderSystem.so
[2.565s] -- Looking for OGRE_Volume...
[2.566s] -- Found OGRE_Volume: optimized;/usr/lib/x86_64-linux-gnu/libOgreVolume.so;debug;/usr/lib/x86_64-linux-gnu/libOgreVolume.so
[2.566s] -- Looking for OGRE_Overlay...
[2.566s] -- Found OGRE_Overlay: optimized;/usr/lib/x86_64-linux-gnu/libOgreOverlay.so;debug;/usr/lib/x86_64-linux-gnu/libOgreOverlay.so
[2.827s] -- Looking for ignition-math6 -- found version 6.15.1
[2.828s] -- Looking for ignition-transport8 -- found version 8.2.1
[2.829s] -- Searching for dependencies of ignition-transport8
[2.862s] -- Found Protobuf: /usr/lib/x86_64-linux-gnu/libprotobuf.so (found suitable version "3.12.4", minimum required is "3") 
[2.880s] -- Config-file not installed for ZeroMQ -- checking for pkg-config
[2.887s] -- Checking for module 'libzmq >= 4'
[2.909s] --   Found libzmq , version 4.3.4
[2.978s] -- Checking for module 'uuid'
[2.998s] --   Found uuid, version 2.37.2
[3.059s] -- Looking for ignition-msgs5 -- found version 5.8.1
[3.062s] -- Searching for dependencies of ignition-msgs5
[3.095s] -- Looking for ignition-math6 -- found version 6.15.1
[3.108s] -- Looking for ignition-msgs5 -- found version 5.8.1
[3.109s] -- Looking for ignition-common3 -- found version 3.14.0
[3.110s] -- Searching for dependencies of ignition-common3
[3.112s] -- Looking for dlfcn.h - found
[3.113s] -- Looking for libdl - found
[3.131s] -- Searching for <ignition-common3> component [graphics]
[3.132s] -- Looking for ignition-common3-graphics -- found version 3.14.0
[3.135s] -- Searching for dependencies of ignition-common3-graphics
[3.137s] -- Looking for ignition-math6 -- found version 6.15.1
[3.138s] -- Looking for ignition-fuel_tools4 -- found version 4.4.0
[3.139s] -- Searching for dependencies of ignition-fuel_tools4
[3.200s] -- Checking for module 'jsoncpp'
[3.222s] --   Found jsoncpp, version 1.9.5
[3.298s] -- Checking for module 'libzip'
[3.326s] --   Found libzip, version 1.7.3
[3.386s] -- Looking for ignition-common3 -- found version 3.14.0
[3.387s] -- Looking for ignition-math6 -- found version 6.15.1
[3.388s] -- Looking for ignition-msgs5 -- found version 5.8.1
[3.392s] -- Gazebo version: 11.10
[3.407s] -- Found ament_lint_auto: 0.12.10 (/opt/ros/humble/share/ament_lint_auto/cmake)
[3.577s] -- Added test 'cppcheck' to perform static code analysis on C / C++ code
[3.577s] -- Configured cppcheck include dirs: 
[3.577s] -- Configured cppcheck exclude dirs and/or files: 
[3.581s] -- Added test 'flake8' to check Python code syntax and style conventions
[3.587s] -- Added test 'lint_cmake' to check CMake code style
[3.591s] -- Added test 'pep257' to check Python code against some of the docstring style conventions in PEP 257
[3.613s] -- Added test 'uncrustify' to check C / C++ code style
[3.614s] -- Configured uncrustify additional arguments: 
[3.617s] -- Added test 'xmllint' to check XML markup files
[3.621s] -- Configuring done
[3.638s] -- Generating done
[3.647s] -- Build files have been written to: /home/piyush/robot_ws/build/description
[3.670s] Invoked command in '/home/piyush/robot_ws/build/description' returned '0': CMAKE_PREFIX_PATH=/home/piyush/robot_ws/install/description:/home/piyush/ros2_ws/install/urdf_example:/home/piyush/ros2_ws/install/simple_pkg:/home/piyush/ros2_ws/install/py_srvcli:/home/piyush/ros2_ws/install/py_pubsub:/opt/ros/humble:/home/piyush/ros2_ws/install/rmp_ros2_bot_description:/home/piyush/ros2_ws/install/cpp_srvcli:/home/piyush/ros2_ws/install/assignment_1 /usr/bin/cmake /home/piyush/robot_ws/src/description -DAMENT_CMAKE_SYMLINK_INSTALL=1 -DCMAKE_INSTALL_PREFIX=/home/piyush/robot_ws/install/description
[3.676s] Invoking command in '/home/piyush/robot_ws/build/description': CMAKE_PREFIX_PATH=/home/piyush/robot_ws/install/description:/home/piyush/ros2_ws/install/urdf_example:/home/piyush/ros2_ws/install/simple_pkg:/home/piyush/ros2_ws/install/py_srvcli:/home/piyush/ros2_ws/install/py_pubsub:/opt/ros/humble:/home/piyush/ros2_ws/install/rmp_ros2_bot_description:/home/piyush/ros2_ws/install/cpp_srvcli:/home/piyush/ros2_ws/install/assignment_1 /usr/bin/cmake --build /home/piyush/robot_ws/build/description -- -j4 -l4
[3.749s] Invoked command in '/home/piyush/robot_ws/build/description' returned '0': CMAKE_PREFIX_PATH=/home/piyush/robot_ws/install/description:/home/piyush/ros2_ws/install/urdf_example:/home/piyush/ros2_ws/install/simple_pkg:/home/piyush/ros2_ws/install/py_srvcli:/home/piyush/ros2_ws/install/py_pubsub:/opt/ros/humble:/home/piyush/ros2_ws/install/rmp_ros2_bot_description:/home/piyush/ros2_ws/install/cpp_srvcli:/home/piyush/ros2_ws/install/assignment_1 /usr/bin/cmake --build /home/piyush/robot_ws/build/description -- -j4 -l4
[3.816s] Invoking command in '/home/piyush/robot_ws/build/description': CMAKE_PREFIX_PATH=/home/piyush/robot_ws/install/description:/home/piyush/ros2_ws/install/urdf_example:/home/piyush/ros2_ws/install/simple_pkg:/home/piyush/ros2_ws/install/py_srvcli:/home/piyush/ros2_ws/install/py_pubsub:/opt/ros/humble:/home/piyush/ros2_ws/install/rmp_ros2_bot_description:/home/piyush/ros2_ws/install/cpp_srvcli:/home/piyush/ros2_ws/install/assignment_1 /usr/bin/cmake --install /home/piyush/robot_ws/build/description
[3.828s] -- Install configuration: ""
[3.833s] -- Execute custom install script
[3.833s] -- Up-to-date symlink: /home/piyush/robot_ws/install/description/share/description/config/simulation.rviz
[3.833s] -- Up-to-date symlink: /home/piyush/robot_ws/install/description/share/description/config/view_bot.rviz
[3.833s] -- Up-to-date symlink: /home/piyush/robot_ws/install/description/share/description/launch/abstract.launch.py
[3.834s] -- Up-to-date symlink: /home/piyush/robot_ws/install/description/share/description/launch/rsp.launch.py
[3.838s] -- Up-to-date symlink: /home/piyush/robot_ws/install/description/share/description/launch/sim.launch.py
[3.838s] -- Up-to-date symlink: /home/piyush/robot_ws/install/description/share/description/urdf/camera.urdf.xacro
[3.839s] -- Symlinking: /home/piyush/robot_ws/install/description/share/description/urdf/depth_camera.urdf.xacro
[3.849s] -- Up-to-date symlink: /home/piyush/robot_ws/install/description/share/description/urdf/gazebo.xacro
[3.849s] -- Up-to-date symlink: /home/piyush/robot_ws/install/description/share/description/urdf/inertia_macros.xacro
[3.849s] -- Up-to-date symlink: /home/piyush/robot_ws/install/description/share/description/urdf/joints.urdf.xacro
[3.850s] -- Up-to-date symlink: /home/piyush/robot_ws/install/description/share/description/urdf/lidar.urdf.xacro
[3.850s] -- Up-to-date symlink: /home/piyush/robot_ws/install/description/share/description/urdf/links.urdf.xacro
[3.850s] -- Up-to-date symlink: /home/piyush/robot_ws/install/description/share/description/urdf/materials.urdf.xacro
[3.851s] -- Up-to-date symlink: /home/piyush/robot_ws/install/description/share/description/urdf/robot.urdf.xacro
[3.852s] -- Up-to-date symlink: /home/piyush/robot_ws/install/description/share/description/worlds/house.sdf
[3.852s] -- Up-to-date symlink: /home/piyush/robot_ws/install/description/share/ament_index/resource_index/package_run_dependencies/description
[3.852s] -- Up-to-date symlink: /home/piyush/robot_ws/install/description/share/ament_index/resource_index/parent_prefix_path/description
[3.853s] -- Up-to-date symlink: /home/piyush/robot_ws/install/description/share/description/environment/ament_prefix_path.sh
[3.853s] -- Up-to-date symlink: /home/piyush/robot_ws/install/description/share/description/environment/ament_prefix_path.dsv
[3.853s] -- Up-to-date symlink: /home/piyush/robot_ws/install/description/share/description/environment/path.sh
[3.854s] -- Up-to-date symlink: /home/piyush/robot_ws/install/description/share/description/environment/path.dsv
[3.854s] -- Up-to-date symlink: /home/piyush/robot_ws/install/description/share/description/local_setup.bash
[3.855s] -- Up-to-date symlink: /home/piyush/robot_ws/install/description/share/description/local_setup.sh
[3.855s] -- Up-to-date symlink: /home/piyush/robot_ws/install/description/share/description/local_setup.zsh
[3.855s] -- Up-to-date symlink: /home/piyush/robot_ws/install/description/share/description/local_setup.dsv
[3.856s] -- Symlinking: /home/piyush/robot_ws/install/description/share/description/package.dsv
[3.870s] -- Up-to-date symlink: /home/piyush/robot_ws/install/description/share/ament_index/resource_index/packages/description
[3.870s] -- Up-to-date symlink: /home/piyush/robot_ws/install/description/share/description/cmake/descriptionConfig.cmake
[3.870s] -- Up-to-date symlink: /home/piyush/robot_ws/install/description/share/description/cmake/descriptionConfig-version.cmake
[3.871s] -- Up-to-date symlink: /home/piyush/robot_ws/install/description/share/description/package.xml
[3.874s] Invoked command in '/home/piyush/robot_ws/build/description' returned '0': CMAKE_PREFIX_PATH=/home/piyush/robot_ws/install/description:/home/piyush/ros2_ws/install/urdf_example:/home/piyush/ros2_ws/install/simple_pkg:/home/piyush/ros2_ws/install/py_srvcli:/home/piyush/ros2_ws/install/py_pubsub:/opt/ros/humble:/home/piyush/ros2_ws/install/rmp_ros2_bot_description:/home/piyush/ros2_ws/install/cpp_srvcli:/home/piyush/ros2_ws/install/assignment_1 /usr/bin/cmake --install /home/piyush/robot_ws/build/description
