-- Install configuration: ""
-- Execute custom install script
-- Up-to-date symlink: /home/piyush/robot_ws/install/description/share/description/config/simulation.rviz
-- Up-to-date symlink: /home/piyush/robot_ws/install/description/share/description/config/view_bot.rviz
-- Up-to-date symlink: /home/piyush/robot_ws/install/description/share/description/launch/abstract.launch.py
-- Up-to-date symlink: /home/piyush/robot_ws/install/description/share/description/launch/rsp.launch.py
-- Up-to-date symlink: /home/piyush/robot_ws/install/description/share/description/launch/sim.launch.py
-- Up-to-date symlink: /home/piyush/robot_ws/install/description/share/description/urdf/gazebo.xacro
-- Up-to-date symlink: /home/piyush/robot_ws/install/description/share/description/urdf/inertia_macros.xacro
-- Up-to-date symlink: /home/piyush/robot_ws/install/description/share/description/urdf/joints.urdf.xacro
-- Symlinking: /home/piyush/robot_ws/install/description/share/description/urdf/lidar.urdf.xacro
-- Up-to-date symlink: /home/piyush/robot_ws/install/description/share/description/urdf/links.urdf.xacro
-- Up-to-date symlink: /home/piyush/robot_ws/install/description/share/description/urdf/materials.urdf.xacro
-- Up-to-date symlink: /home/piyush/robot_ws/install/description/share/description/urdf/robot.urdf.xacro
-- Up-to-date symlink: /home/piyush/robot_ws/install/description/share/ament_index/resource_index/package_run_dependencies/description
-- Up-to-date symlink: /home/piyush/robot_ws/install/description/share/ament_index/resource_index/parent_prefix_path/description
-- Up-to-date symlink: /home/piyush/robot_ws/install/description/share/description/environment/ament_prefix_path.sh
-- Up-to-date symlink: /home/piyush/robot_ws/install/description/share/description/environment/ament_prefix_path.dsv
-- Up-to-date symlink: /home/piyush/robot_ws/install/description/share/description/environment/path.sh
-- Up-to-date symlink: /home/piyush/robot_ws/install/description/share/description/environment/path.dsv
-- Up-to-date symlink: /home/piyush/robot_ws/install/description/share/description/local_setup.bash
-- Up-to-date symlink: /home/piyush/robot_ws/install/description/share/description/local_setup.sh
-- Up-to-date symlink: /home/piyush/robot_ws/install/description/share/description/local_setup.zsh
-- Up-to-date symlink: /home/piyush/robot_ws/install/description/share/description/local_setup.dsv
-- Symlinking: /home/piyush/robot_ws/install/description/share/description/package.dsv
-- Up-to-date symlink: /home/piyush/robot_ws/install/description/share/ament_index/resource_index/packages/description
-- Up-to-date symlink: /home/piyush/robot_ws/install/description/share/description/cmake/descriptionConfig.cmake
-- Up-to-date symlink: /home/piyush/robot_ws/install/description/share/description/cmake/descriptionConfig-version.cmake
-- Up-to-date symlink: /home/piyush/robot_ws/install/description/share/description/package.xml
